#
# A fatal error has been detected by the Java Runtime Environment:
#
#  SIGILL (0x4) at pc=0x00007fff3c03a058, pid=15295, tid=775
#
# JRE version: OpenJDK Runtime Environment (11.0.5+10) (build 11.0.5+10-b520.38)
# Java VM: OpenJDK 64-Bit Server VM (11.0.5+10-b520.38, mixed mode, tiered, compressed oops, g1 gc, bsd-amd64)
# Problematic frame:
# C  [CoreFoundation+0x180058]  getAtomTarget+0x83
#
# No core dump will be written. Core dumps have been disabled. To enable core dumping, try "ulimit -c unlimited" before starting Java again
#
# If you would like to submit a bug report, please visit:
#   http://bugreport.java.com/bugreport/crash.jsp
# The crash happened outside the Java Virtual Machine in native code.
# See problematic frame for where to report the bug.
#

---------------  S U M M A R Y ------------

Command Line: -javaagent:/Applications/IntelliJ IDEA CE.app/Contents/lib/idea_rt.jar=60509:/Applications/IntelliJ IDEA CE.app/Contents/bin -Dfile.encoding=UTF-8 game.GameLauncher

Host: MacBookAir7,2 x86_64 1800 MHz, 4 cores, 8G, Darwin 19.3.0
Time: Sat Mar 28 17:18:36 2020 CET elapsed time: 41 seconds (0d 0h 0m 41s)

---------------  T H R E A D  ---------------

Current thread (0x00007fd4c58dc000):  JavaThread "AWT-AppKit" daemon [_thread_in_native, id=775, stack(0x00007ffeeb696000,0x00007ffeebe96000)]

Stack: [0x00007ffeeb696000,0x00007ffeebe96000],  sp=0x00007ffeebe918a0,  free space=8174k
Native frames: (J=compiled Java code, A=aot compiled Java code, j=interpreted, Vv=VM code, C=native code)
C  [CoreFoundation+0x180058]  getAtomTarget+0x83
C  [CoreFoundation+0x6497c]  ___forwarding___+0x430
C  [CoreFoundation+0x644b8]  _CF_forwarding_prep_0+0x78
C  [AppKit+0x603902]  -[_NSFullScreenDetachedToolbarMenuBarCompanionController updateWindowLayout]+0x2ab
C  [AppKit+0x605078]  -[_NSFullScreenDetachedToolbarMenuBarCompanionController tile]+0x1ab
C  [AppKit+0xb2e5be]  -[NSWindow(NSFullScreen) _fullScreenStatusChanged]+0xa2
C  [AppKit+0x998b9]  __25-[NSWindow setStyleMask:]_block_invoke+0x7ae
C  [AppKit+0x990b3]  NSPerformVisuallyAtomicChange+0x84
C  [AppKit+0x98fbc]  -[NSWindow setStyleMask:]+0xb8
C  [AppKit+0x576fcd]  __82-[_NSWindowEnterFullScreenTransitionController setupWindowForAfterFullScreenEnter]_block_invoke+0x74
C  [AppKit+0x990b3]  NSPerformVisuallyAtomicChange+0x84
C  [AppKit+0x576f50]  -[_NSWindowEnterFullScreenTransitionController setupWindowForAfterFullScreenEnter]+0xa3
C  [AppKit+0x99456c]  -[_NSEnterFullScreenTransitionController start]+0x18d
C  [AppKit+0x578431]  -[_NSWindowEnterFullScreenTransitionController start]+0x16f
C  [AppKit+0xaea2fd]  -[_NSFullScreenSpace(Transitions) startTransition:]+0x85
C  [JavaNativeFoundation+0x6ff9]  +[JNFRunLoop _performCopiedBlock:]+0xf
C  [Foundation+0x9c8ab]  __NSThreadPerformPerform+0xfe
C  [CoreFoundation+0x84b21]  __CFRUNLOOP_IS_CALLING_OUT_TO_A_SOURCE0_PERFORM_FUNCTION__+0x11
C  [CoreFoundation+0x84ac0]  __CFRunLoopDoSource0+0x67
C  [CoreFoundation+0x848d4]  __CFRunLoopDoSources0+0xd1
C  [CoreFoundation+0x83740]  __CFRunLoopRun+0x4f8
C  [CoreFoundation+0x82bd3]  CFRunLoopRunSpecific+0x1f3
C  [HIToolbox+0x2f65d]  RunCurrentEventLoopInMode+0x124
C  [HIToolbox+0x2f39d]  ReceiveNextEventCommon+0x258
C  [HIToolbox+0x2f127]  _BlockUntilNextEventMatchingListInModeWithFilter+0x40
C  [AppKit+0x40ba4]  _DPSNextEvent+0x3de
C  [AppKit+0x3f380]  -[NSApplication(NSEvent) _nextEventMatchingEventMask:untilDate:inMode:dequeue:]+0x548
C  [libosxapp.dylib+0x294c]  -[NSApplicationAWT nextEventMatchingMask:untilDate:inMode:dequeue:]+0x79
C  [AppKit+0x3109e]  -[NSApplication run]+0x292
C  [libosxapp.dylib+0x2793]  +[NSApplicationAWT runAWTLoopWithApp:]+0xde
C  [libawt_lwawt.dylib+0x41b78]  +[AWTStarter starter:headless:]+0x342
C  [JavaNativeFoundation+0x6ff9]  +[JNFRunLoop _performCopiedBlock:]+0xf
C  [Foundation+0x9c8ab]  __NSThreadPerformPerform+0xfe
C  [CoreFoundation+0x84b21]  __CFRUNLOOP_IS_CALLING_OUT_TO_A_SOURCE0_PERFORM_FUNCTION__+0x11
C  [CoreFoundation+0x84ac0]  __CFRunLoopDoSource0+0x67
C  [CoreFoundation+0x848d4]  __CFRunLoopDoSources0+0xd1
C  [CoreFoundation+0x83740]  __CFRunLoopRun+0x4f8
C  [CoreFoundation+0x82bd3]  CFRunLoopRunSpecific+0x1f3
C  [libjli.dylib+0x6465]  CreateExecutionEnvironment+0x190
C  [libjli.dylib+0x25e3]  JLI_Launch+0x51f
C  [java+0xe37]  main+0x177
C  [libdyld.dylib+0x1a7fd]  start+0x1


siginfo: si_signo: 4 (SIGILL), si_code: 1 (ILL_ILLOPC), si_addr: 0x00007fff3c03a058

Register to memory mapping:

RAX=0x0 is NULL
RBX=0x0000007fff3e5860 is an unknown value
RCX=0x000000000000000e is an unknown value
RDX=0x0000000000000007 is an unknown value
RSP=0x00007ffeebe918a0 is pointing into the stack for thread: 0x00007fd4c58dc000
RBP=0x00007ffeebe918b0 is pointing into the stack for thread: 0x00007fd4c58dc000
RSI=0x0 is NULL
RDI=0x000007fff3e58609 is an unknown value
R8 =0xffdfffffffffffff is an unknown value
R9 =0x0 is NULL
R10=0x00000000ffffffe3 is an unknown value
R11=0x00007fff3bf1e440: _CF_forwarding_prep_0+0 in /System/Library/Frameworks/CoreFoundation.framework/Versions/A/CoreFoundation at 0x00007fff3beba000
R12=0x00007fff72268000: objc_msgSend+0 in /usr/lib/libobjc.A.dylib at 0x00007fff72262000
R13=0x0 is NULL
R14=0x00007fd4c3cec880 points into unknown readable memory: 17 da f7 c3 d4 ff 3d 00
R15=0x00007ffeebe91a30 is pointing into the stack for thread: 0x00007fd4c58dc000


Registers:
RAX=0x0000000000000000, RBX=0x0000007fff3e5860, RCX=0x000000000000000e, RDX=0x0000000000000007
RSP=0x00007ffeebe918a0, RBP=0x00007ffeebe918b0, RSI=0x0000000000000000, RDI=0x000007fff3e58609
R8 =0xffdfffffffffffff, R9 =0x0000000000000000, R10=0x00000000ffffffe3, R11=0x00007fff3bf1e440
R12=0x00007fff72268000, R13=0x0000000000000000, R14=0x00007fd4c3cec880, R15=0x00007ffeebe91a30
RIP=0x00007fff3c03a058, EFLAGS=0x0000000000010206, ERR=0x0000000000000000
  TRAPNO=0x0000000000000006

Top of Stack: (sp=0x00007ffeebe918a0)
0x00007ffeebe918a0:   0000000000000000 00007fff3e586091
0x00007ffeebe918b0:   00007ffeebe91a20 00007fff3bf1e97c
0x00007ffeebe918c0:   00007ffeebe91910 0000000000000098
0x00007ffeebe918d0:   00007ffeebe91900 00007fff4774f8d5
0x00007ffeebe918e0:   00007fff7d6007f3 ffdfffffffffffff
0x00007ffeebe918f0:   7fefffffffffffff 7fefffffffffffff
0x00007ffeebe91900:   00007ffeebe91970 00007fff39125c5b
0x00007ffeebe91910:   0000000000000000 0000000000000000
0x00007ffeebe91920:   4096800000000000 408c200000000000
0x00007ffeebe91930:   00007fff72270954 00007ffeebe91a20
0x00007ffeebe91940:   00007ffeebe919e0 4031000000000000
0x00007ffeebe91950:   0000000000000000 00007fd4c64bf280
0x00007ffeebe91960:   0000000000000001 0000000000000098
0x00007ffeebe91970:   00007ffeebe91a60 00007fff39121eb1
0x00007ffeebe91980:   0000000000000000 0000000000000000
0x00007ffeebe91990:   4096800000000000 408c200000000000
0x00007ffeebe919a0:   0000000000000000 00007fd4c6200e40
0x00007ffeebe919b0:   00007fd4c655eed0 00007fff47747213
0x00007ffeebe919c0:   00007fd4c6200f58 00007fd4c6200e40
0x00007ffeebe919d0:   00007ffeebe91a60 00007fff4774fa8a
0x00007ffeebe919e0:   0000000000000000 0000000000000000
0x00007ffeebe919f0:   5c83ebddbea70072 00007fff7dc13075
0x00007ffeebe91a00:   00007fd4c64bf280 00007fff7d5fd3d4
0x00007ffeebe91a10:   00007fd4c3cec880 00007fff72268000
0x00007ffeebe91a20:   00007ffeebe91b00 00007fff3bf1e4b8
0x00007ffeebe91a30:   00007fff3e586091 00007fff7d6007f3
0x00007ffeebe91a40:   0000000000000307 0000000000004359
0x00007ffeebe91a50:   ffdfffffffffffff 0000000000000000
0x00007ffeebe91a60:   0000000000000000 00007fff3e586091
0x00007ffeebe91a70:   7fefffffffffffff 0000000000000000
0x00007ffeebe91a80:   408c200000000000 0000000000000000
0x00007ffeebe91a90:   0000000000000000 0000000000000000 

Instructions: (pc=0x00007fff3c03a058)
0x00007fff3c039f58:   18 7d 78 04 03 c4 c2 79 f7 c5 41 83 c4 11 41 29
0x00007fff3c039f68:   c4 4c 63 e9 4b 8b 3c ef 48 85 ff 75 23 48 63 f0
0x00007fff3c039f78:   bf 08 00 00 00 e8 d6 b2 03 00 48 89 c7 31 c0 f0
0x00007fff3c039f88:   4b 0f b1 3c ef 74 09 e8 e0 b4 03 00 4b 8b 3c ef
0x00007fff3c039f98:   49 63 c4 4c 89 34 c7 0f ae f0 c1 e3 04 48 c1 e3
0x00007fff3c039fa8:   04 eb 0d 8d 04 3e 83 c0 f0 48 63 d8 48 c1 e3 08
0x00007fff3c039fb8:   48 83 cb 01 48 8b 05 4d 6f b5 58 48 33 18 e9 ce
0x00007fff3c039fc8:   fe ff ff 4c 89 f3 e9 c6 fe ff ff 0f 0b 55 48 89
0x00007fff3c039fd8:   e5 53 50 f6 05 7e c5 c9 58 10 74 09 31 c0 48 83
0x00007fff3c039fe8:   c4 08 5b 5d c3 48 8b 05 1c 6f b5 58 48 33 38 89
0x00007fff3c039ff8:   f8 83 e0 0e b9 0e 00 00 00 48 39 c8 0f 94 c0 c0
0x00007fff3c03a008:   e0 03 0c 04 c4 e2 fb f7 ff 48 89 fb 48 c1 eb 04
0x00007fff3c03a018:   48 63 05 69 c1 c9 58 48 39 c3 77 34 48 c1 ef 08
0x00007fff3c03a028:   48 ff c7 e8 20 b4 03 00 8d 48 03 ba ff ff ff ff
0x00007fff3c03a038:   c4 e2 71 f7 ca 8d 4c 0b 10 48 98 48 8d 15 66 8e
0x00007fff3c03a048:   c9 58 48 8b 44 c2 f8 48 63 c9 48 8b 04 c8 eb 8e
0x00007fff3c03a058:   0f 0b e9 95 8d f2 ff 55 48 89 e5 53 48 83 ec 18
0x00007fff3c03a068:   48 89 fb 48 8b 05 46 6d b5 58 48 8b 00 48 89 45
0x00007fff3c03a078:   f0 e8 ed 19 ea ff 48 83 f8 02 75 0a 48 89 df e8
0x00007fff3c03a088:   cf 58 fa ff eb 16 48 89 c7 e8 75 10 f7 ff 48 8b
0x00007fff3c03a098:   40 20 48 85 c0 74 05 48 89 df ff d0 48 8d 7d e0
0x00007fff3c03a0a8:   48 89 1f 48 8b 05 16 dc c8 58 48 89 47 08 48 8b
0x00007fff3c03a0b8:   35 4b b5 c8 58 e8 70 b6 03 00 48 8b 05 ef 6c b5
0x00007fff3c03a0c8:   58 48 8b 00 48 3b 45 f0 75 07 48 83 c4 18 5b 5d
0x00007fff3c03a0d8:   c3 e8 8e af 03 00 31 c0 c3 c3 48 89 f8 c3 b8 01
0x00007fff3c03a0e8:   00 00 00 c3 55 48 89 e5 41 56 53 48 89 fb 4c 8b
0x00007fff3c03a0f8:   35 fb e3 c8 58 4a 8b 3c 37 48 85 ff 74 20 ff 57
0x00007fff3c03a108:   10 4a 8b 3c 33 e8 d6 ae 03 00 4a c7 04 33 00 00
0x00007fff3c03a118:   00 00 48 89 df 5b 41 5e 5d e9 6c b6 03 00 0f 0b
0x00007fff3c03a128:   55 48 89 e5 41 56 53 48 89 fb 4c 8b 35 bf e3 c8
0x00007fff3c03a138:   58 4a 8b 3c 37 48 85 ff 74 19 ff 57 10 4a 8b 3c
0x00007fff3c03a148:   33 e8 9a ae 03 00 4a c7 04 33 00 00 00 00 5b 41 


Stack slot to memory mapping:
stack at sp + 0 slots: 0x0 is NULL
stack at sp + 1 slots: 0x00007fff3e586091: objectEqual+0 in /System/Library/Frameworks/Foundation.framework/Versions/C/Foundation at 0x00007fff3e57f000
stack at sp + 2 slots: 0x00007ffeebe91a20 is pointing into the stack for thread: 0x00007fd4c58dc000
stack at sp + 3 slots: 0x00007fff3bf1e97c: ___forwarding___+0x430 in /System/Library/Frameworks/CoreFoundation.framework/Versions/A/CoreFoundation at 0x00007fff3beba000
stack at sp + 4 slots: 0x00007ffeebe91910 is pointing into the stack for thread: 0x00007fd4c58dc000
stack at sp + 5 slots: 0x0000000000000098 is an unknown value
stack at sp + 6 slots: 0x00007ffeebe91900 is pointing into the stack for thread: 0x00007fd4c58dc000
stack at sp + 7 slots: 0x00007fff4774f8d5: -[CALayer setNeedsDisplay]+0x2c in /System/Library/Frameworks/QuartzCore.framework/Versions/A/QuartzCore at 0x00007fff47742000


---------------  P R O C E S S  ---------------

Threads class SMR info:
_java_thread_list=0x00007fd4c3fbe6b0, length=18, elements={
0x00007fd4c480c800, 0x00007fd4c4809000, 0x00007fd4c5810800, 0x00007fd4c509e000,
0x00007fd4c582e800, 0x00007fd4c582f800, 0x00007fd4c4038800, 0x00007fd4c4028000,
0x00007fd4c4011800, 0x00007fd4c51ca000, 0x00007fd4c58dc000, 0x00007fd4c481b000,
0x00007fd4c5908000, 0x00007fd4c590e800, 0x00007fd4c4195800, 0x00007fd4c41ab000,
0x00007fd4c541a000, 0x00007fd4c43b4800
}

Java Threads: ( => current thread )
  0x00007fd4c480c800 JavaThread "Reference Handler" daemon [_thread_blocked, id=13315, stack(0x000070000a42c000,0x000070000a52c000)]
  0x00007fd4c4809000 JavaThread "Finalizer" daemon [_thread_blocked, id=18691, stack(0x000070000a52f000,0x000070000a62f000)]
  0x00007fd4c5810800 JavaThread "Signal Dispatcher" daemon [_thread_blocked, id=15363, stack(0x000070000a738000,0x000070000a838000)]
  0x00007fd4c509e000 JavaThread "C2 CompilerThread0" daemon [_thread_blocked, id=15619, stack(0x000070000a83b000,0x000070000a93b000)]
  0x00007fd4c582e800 JavaThread "C1 CompilerThread0" daemon [_thread_blocked, id=16131, stack(0x000070000a93e000,0x000070000aa3e000)]
  0x00007fd4c582f800 JavaThread "Sweeper thread" daemon [_thread_blocked, id=22019, stack(0x000070000aa41000,0x000070000ab41000)]
  0x00007fd4c4038800 JavaThread "Common-Cleaner" daemon [_thread_blocked, id=22531, stack(0x000070000ab44000,0x000070000ac44000)]
  0x00007fd4c4028000 JavaThread "Monitor Ctrl-Break" daemon [_thread_in_native, id=23043, stack(0x000070000ac47000,0x000070000ad47000)]
  0x00007fd4c4011800 JavaThread "Service Thread" daemon [_thread_blocked, id=23555, stack(0x000070000ad4a000,0x000070000ae4a000)]
  0x00007fd4c51ca000 JavaThread "Attach Listener" daemon [_thread_blocked, id=41735, stack(0x000070000af50000,0x000070000b050000)]
=>0x00007fd4c58dc000 JavaThread "AWT-AppKit" daemon [_thread_in_native, id=775, stack(0x00007ffeeb696000,0x00007ffeebe96000)]
  0x00007fd4c481b000 JavaThread "AWT-Shutdown" [_thread_blocked, id=32515, stack(0x000070000b0d6000,0x000070000b1d6000)]
  0x00007fd4c5908000 JavaThread "AWT-EventQueue-0" [_thread_blocked, id=77831, stack(0x000070000b3e5000,0x000070000b4e5000)]
  0x00007fd4c590e800 JavaThread "DestroyJavaVM" [_thread_blocked, id=5635, stack(0x0000700009d17000,0x0000700009e17000)]
  0x00007fd4c4195800 JavaThread "Java2D Queue Flusher" daemon [_thread_blocked, id=56067, stack(0x000070000b4e8000,0x000070000b5e8000)]
  0x00007fd4c41ab000 JavaThread "Java2D Disposer" daemon [_thread_blocked, id=58883, stack(0x000070000b5eb000,0x000070000b6eb000)]
  0x00007fd4c541a000 JavaThread "AWT-SelectorPerformer pool-1-thread-1" daemon [_thread_blocked, id=74763, stack(0x000070000b6ee000,0x000070000b7ee000)]
  0x00007fd4c43b4800 JavaThread "TimerQueue" daemon [_thread_blocked, id=68879, stack(0x000070000b7f1000,0x000070000b8f1000)]

Other Threads:
  0x00007fd4c4800800 VMThread "VM Thread" [stack: 0x000070000a329000,0x000070000a429000] [id=12547]
  0x00007fd4c480f800 WatcherThread [stack: 0x000070000ae4d000,0x000070000af4d000] [id=41987]
  0x00007fd4c5808000 GCTaskThread "GC Thread#0" [stack: 0x0000700009e1a000,0x0000700009f1a000] [id=11523]
  0x00007fd4c41be000 GCTaskThread "GC Thread#1" [stack: 0x000070000b8f4000,0x000070000b9f4000] [id=63287]
  0x00007fd4c4542000 GCTaskThread "GC Thread#2" [stack: 0x000070000b9f7000,0x000070000baf7000] [id=13835]
  0x00007fd4c4a9b800 GCTaskThread "GC Thread#3" [stack: 0x000070000bafa000,0x000070000bbfa000] [id=63543]
  0x00007fd4c502b000 ConcurrentGCThread "G1 Main Marker" [stack: 0x0000700009f1d000,0x000070000a01d000] [id=21251]
  0x00007fd4c502b800 ConcurrentGCThread "G1 Conc#0" [stack: 0x000070000a020000,0x000070000a120000] [id=20483]
  0x00007fd4c507c800 ConcurrentGCThread "G1 Refine#0" [stack: 0x000070000a123000,0x000070000a223000] [id=19971]
  0x00007fd4c463e000 ConcurrentGCThread "G1 Refine#1" [stack: 0x000070000bbfd000,0x000070000bcfd000] [id=64531]
  0x00007fd4c58dd000 ConcurrentGCThread "G1 Refine#2" [stack: 0x000070000bd00000,0x000070000be00000] [id=65027]
  0x00007fd4c507d000 ConcurrentGCThread "G1 Young RemSet Sampling" [stack: 0x000070000a226000,0x000070000a326000] [id=19459]

Threads with active compile tasks:

VM state:not at safepoint (normal execution)

VM Mutex/Monitor currently owned by a thread: None

Heap address: 0x0000000780000000, size: 2048 MB, Compressed Oops mode: Zero based, Oop shift amount: 3
Narrow klass base: 0x0000000800000000, Narrow klass shift: 0
Compressed class space size: 1073741824 Address: 0x0000000800000000

Heap:
 garbage-first heap   total 131072K, used 17419K [0x0000000780000000, 0x0000000800000000)
  region size 1024K, 15 young (15360K), 1 survivors (1024K)
 Metaspace       used 18892K, capacity 19421K, committed 19712K, reserved 1067008K
  class space    used 1988K, capacity 2226K, committed 2304K, reserved 1048576K
Heap Regions: E=young(eden), S=young(survivor), O=old, HS=humongous(starts), HC=humongous(continues), CS=collection set, F=free, A=archive, TAMS=top-at-mark-start (previous, next)
|   0|0x0000000780000000, 0x0000000780100000, 0x0000000780100000|100%| O|  |TAMS 0x0000000780000000, 0x0000000780000000| Untracked 
|   1|0x0000000780100000, 0x0000000780200000, 0x0000000780200000|100%| O|  |TAMS 0x0000000780100000, 0x0000000780100000| Untracked 
|   2|0x0000000780200000, 0x0000000780300000, 0x0000000780300000|100%| O|  |TAMS 0x0000000780200000, 0x0000000780200000| Untracked 
|   3|0x0000000780300000, 0x00000007803ae200, 0x0000000780400000| 68%| O|  |TAMS 0x0000000780300000, 0x0000000780300000| Untracked 
|   4|0x0000000780400000, 0x0000000780400000, 0x0000000780500000|  0%| F|  |TAMS 0x0000000780400000, 0x0000000780400000| Untracked 
|   5|0x0000000780500000, 0x0000000780500000, 0x0000000780600000|  0%| F|  |TAMS 0x0000000780500000, 0x0000000780500000| Untracked 
|   6|0x0000000780600000, 0x0000000780600000, 0x0000000780700000|  0%| F|  |TAMS 0x0000000780600000, 0x0000000780600000| Untracked 
|   7|0x0000000780700000, 0x0000000780700000, 0x0000000780800000|  0%| F|  |TAMS 0x0000000780700000, 0x0000000780700000| Untracked 
|   8|0x0000000780800000, 0x0000000780800000, 0x0000000780900000|  0%| F|  |TAMS 0x0000000780800000, 0x0000000780800000| Untracked 
|   9|0x0000000780900000, 0x0000000780900000, 0x0000000780a00000|  0%| F|  |TAMS 0x0000000780900000, 0x0000000780900000| Untracked 
|  10|0x0000000780a00000, 0x0000000780a00000, 0x0000000780b00000|  0%| F|  |TAMS 0x0000000780a00000, 0x0000000780a00000| Untracked 
|  11|0x0000000780b00000, 0x0000000780b00000, 0x0000000780c00000|  0%| F|  |TAMS 0x0000000780b00000, 0x0000000780b00000| Untracked 
|  12|0x0000000780c00000, 0x0000000780c00000, 0x0000000780d00000|  0%| F|  |TAMS 0x0000000780c00000, 0x0000000780c00000| Untracked 
|  13|0x0000000780d00000, 0x0000000780d00000, 0x0000000780e00000|  0%| F|  |TAMS 0x0000000780d00000, 0x0000000780d00000| Untracked 
|  14|0x0000000780e00000, 0x0000000780e00000, 0x0000000780f00000|  0%| F|  |TAMS 0x0000000780e00000, 0x0000000780e00000| Untracked 
|  15|0x0000000780f00000, 0x0000000780f00000, 0x0000000781000000|  0%| F|  |TAMS 0x0000000780f00000, 0x0000000780f00000| Untracked 
|  16|0x0000000781000000, 0x0000000781000000, 0x0000000781100000|  0%| F|  |TAMS 0x0000000781000000, 0x0000000781000000| Untracked 
|  17|0x0000000781100000, 0x0000000781100000, 0x0000000781200000|  0%| F|  |TAMS 0x0000000781100000, 0x0000000781100000| Untracked 
|  18|0x0000000781200000, 0x0000000781200000, 0x0000000781300000|  0%| F|  |TAMS 0x0000000781200000, 0x0000000781200000| Untracked 
|  19|0x0000000781300000, 0x0000000781300000, 0x0000000781400000|  0%| F|  |TAMS 0x0000000781300000, 0x0000000781300000| Untracked 
|  20|0x0000000781400000, 0x0000000781400000, 0x0000000781500000|  0%| F|  |TAMS 0x0000000781400000, 0x0000000781400000| Untracked 
|  21|0x0000000781500000, 0x0000000781500000, 0x0000000781600000|  0%| F|  |TAMS 0x0000000781500000, 0x0000000781500000| Untracked 
|  22|0x0000000781600000, 0x0000000781600000, 0x0000000781700000|  0%| F|  |TAMS 0x0000000781600000, 0x0000000781600000| Untracked 
|  23|0x0000000781700000, 0x0000000781700000, 0x0000000781800000|  0%| F|  |TAMS 0x0000000781700000, 0x0000000781700000| Untracked 
|  24|0x0000000781800000, 0x0000000781800000, 0x0000000781900000|  0%| F|  |TAMS 0x0000000781800000, 0x0000000781800000| Untracked 
|  25|0x0000000781900000, 0x0000000781900000, 0x0000000781a00000|  0%| F|  |TAMS 0x0000000781900000, 0x0000000781900000| Untracked 
|  26|0x0000000781a00000, 0x0000000781a00000, 0x0000000781b00000|  0%| F|  |TAMS 0x0000000781a00000, 0x0000000781a00000| Untracked 
|  27|0x0000000781b00000, 0x0000000781b00000, 0x0000000781c00000|  0%| F|  |TAMS 0x0000000781b00000, 0x0000000781b00000| Untracked 
|  28|0x0000000781c00000, 0x0000000781c00000, 0x0000000781d00000|  0%| F|  |TAMS 0x0000000781c00000, 0x0000000781c00000| Untracked 
|  29|0x0000000781d00000, 0x0000000781d00000, 0x0000000781e00000|  0%| F|  |TAMS 0x0000000781d00000, 0x0000000781d00000| Untracked 
|  30|0x0000000781e00000, 0x0000000781e00000, 0x0000000781f00000|  0%| F|  |TAMS 0x0000000781e00000, 0x0000000781e00000| Untracked 
|  31|0x0000000781f00000, 0x0000000781f00000, 0x0000000782000000|  0%| F|  |TAMS 0x0000000781f00000, 0x0000000781f00000| Untracked 
|  32|0x0000000782000000, 0x0000000782000000, 0x0000000782100000|  0%| F|  |TAMS 0x0000000782000000, 0x0000000782000000| Untracked 
|  33|0x0000000782100000, 0x0000000782100000, 0x0000000782200000|  0%| F|  |TAMS 0x0000000782100000, 0x0000000782100000| Untracked 
|  34|0x0000000782200000, 0x0000000782200000, 0x0000000782300000|  0%| F|  |TAMS 0x0000000782200000, 0x0000000782200000| Untracked 
|  35|0x0000000782300000, 0x0000000782300000, 0x0000000782400000|  0%| F|  |TAMS 0x0000000782300000, 0x0000000782300000| Untracked 
|  36|0x0000000782400000, 0x0000000782400000, 0x0000000782500000|  0%| F|  |TAMS 0x0000000782400000, 0x0000000782400000| Untracked 
|  37|0x0000000782500000, 0x0000000782500000, 0x0000000782600000|  0%| F|  |TAMS 0x0000000782500000, 0x0000000782500000| Untracked 
|  38|0x0000000782600000, 0x0000000782600000, 0x0000000782700000|  0%| F|  |TAMS 0x0000000782600000, 0x0000000782600000| Untracked 
|  39|0x0000000782700000, 0x0000000782700000, 0x0000000782800000|  0%| F|  |TAMS 0x0000000782700000, 0x0000000782700000| Untracked 
|  40|0x0000000782800000, 0x0000000782800000, 0x0000000782900000|  0%| F|  |TAMS 0x0000000782800000, 0x0000000782800000| Untracked 
|  41|0x0000000782900000, 0x0000000782900000, 0x0000000782a00000|  0%| F|  |TAMS 0x0000000782900000, 0x0000000782900000| Untracked 
|  42|0x0000000782a00000, 0x0000000782a00000, 0x0000000782b00000|  0%| F|  |TAMS 0x0000000782a00000, 0x0000000782a00000| Untracked 
|  43|0x0000000782b00000, 0x0000000782b00000, 0x0000000782c00000|  0%| F|  |TAMS 0x0000000782b00000, 0x0000000782b00000| Untracked 
|  44|0x0000000782c00000, 0x0000000782c00000, 0x0000000782d00000|  0%| F|  |TAMS 0x0000000782c00000, 0x0000000782c00000| Untracked 
|  45|0x0000000782d00000, 0x0000000782d00000, 0x0000000782e00000|  0%| F|  |TAMS 0x0000000782d00000, 0x0000000782d00000| Untracked 
|  46|0x0000000782e00000, 0x0000000782e00000, 0x0000000782f00000|  0%| F|  |TAMS 0x0000000782e00000, 0x0000000782e00000| Untracked 
|  47|0x0000000782f00000, 0x0000000782f00000, 0x0000000783000000|  0%| F|  |TAMS 0x0000000782f00000, 0x0000000782f00000| Untracked 
|  48|0x0000000783000000, 0x0000000783000000, 0x0000000783100000|  0%| F|  |TAMS 0x0000000783000000, 0x0000000783000000| Untracked 
|  49|0x0000000783100000, 0x0000000783100000, 0x0000000783200000|  0%| F|  |TAMS 0x0000000783100000, 0x0000000783100000| Untracked 
|  50|0x0000000783200000, 0x0000000783200000, 0x0000000783300000|  0%| F|  |TAMS 0x0000000783200000, 0x0000000783200000| Untracked 
|  51|0x0000000783300000, 0x0000000783300000, 0x0000000783400000|  0%| F|  |TAMS 0x0000000783300000, 0x0000000783300000| Untracked 
|  52|0x0000000783400000, 0x0000000783400000, 0x0000000783500000|  0%| F|  |TAMS 0x0000000783400000, 0x0000000783400000| Untracked 
|  53|0x0000000783500000, 0x0000000783500000, 0x0000000783600000|  0%| F|  |TAMS 0x0000000783500000, 0x0000000783500000| Untracked 
|  54|0x0000000783600000, 0x0000000783600000, 0x0000000783700000|  0%| F|  |TAMS 0x0000000783600000, 0x0000000783600000| Untracked 
|  55|0x0000000783700000, 0x0000000783700000, 0x0000000783800000|  0%| F|  |TAMS 0x0000000783700000, 0x0000000783700000| Untracked 
|  56|0x0000000783800000, 0x0000000783800000, 0x0000000783900000|  0%| F|  |TAMS 0x0000000783800000, 0x0000000783800000| Untracked 
|  57|0x0000000783900000, 0x0000000783900000, 0x0000000783a00000|  0%| F|  |TAMS 0x0000000783900000, 0x0000000783900000| Untracked 
|  58|0x0000000783a00000, 0x0000000783a00000, 0x0000000783b00000|  0%| F|  |TAMS 0x0000000783a00000, 0x0000000783a00000| Untracked 
|  59|0x0000000783b00000, 0x0000000783b00000, 0x0000000783c00000|  0%| F|  |TAMS 0x0000000783b00000, 0x0000000783b00000| Untracked 
|  60|0x0000000783c00000, 0x0000000783c00000, 0x0000000783d00000|  0%| F|  |TAMS 0x0000000783c00000, 0x0000000783c00000| Untracked 
|  61|0x0000000783d00000, 0x0000000783d00000, 0x0000000783e00000|  0%| F|  |TAMS 0x0000000783d00000, 0x0000000783d00000| Untracked 
|  62|0x0000000783e00000, 0x0000000783e00000, 0x0000000783f00000|  0%| F|  |TAMS 0x0000000783e00000, 0x0000000783e00000| Untracked 
|  63|0x0000000783f00000, 0x0000000783f00000, 0x0000000784000000|  0%| F|  |TAMS 0x0000000783f00000, 0x0000000783f00000| Untracked 
|  64|0x0000000784000000, 0x0000000784000000, 0x0000000784100000|  0%| F|  |TAMS 0x0000000784000000, 0x0000000784000000| Untracked 
|  65|0x0000000784100000, 0x0000000784100000, 0x0000000784200000|  0%| F|  |TAMS 0x0000000784100000, 0x0000000784100000| Untracked 
|  66|0x0000000784200000, 0x0000000784200000, 0x0000000784300000|  0%| F|  |TAMS 0x0000000784200000, 0x0000000784200000| Untracked 
|  67|0x0000000784300000, 0x0000000784300000, 0x0000000784400000|  0%| F|  |TAMS 0x0000000784300000, 0x0000000784300000| Untracked 
|  68|0x0000000784400000, 0x0000000784400000, 0x0000000784500000|  0%| F|  |TAMS 0x0000000784400000, 0x0000000784400000| Untracked 
|  69|0x0000000784500000, 0x0000000784500000, 0x0000000784600000|  0%| F|  |TAMS 0x0000000784500000, 0x0000000784500000| Untracked 
|  70|0x0000000784600000, 0x0000000784600000, 0x0000000784700000|  0%| F|  |TAMS 0x0000000784600000, 0x0000000784600000| Untracked 
|  71|0x0000000784700000, 0x0000000784700000, 0x0000000784800000|  0%| F|  |TAMS 0x0000000784700000, 0x0000000784700000| Untracked 
|  72|0x0000000784800000, 0x0000000784800000, 0x0000000784900000|  0%| F|  |TAMS 0x0000000784800000, 0x0000000784800000| Untracked 
|  73|0x0000000784900000, 0x0000000784900000, 0x0000000784a00000|  0%| F|  |TAMS 0x0000000784900000, 0x0000000784900000| Untracked 
|  74|0x0000000784a00000, 0x0000000784a00000, 0x0000000784b00000|  0%| F|  |TAMS 0x0000000784a00000, 0x0000000784a00000| Untracked 
|  75|0x0000000784b00000, 0x0000000784b00000, 0x0000000784c00000|  0%| F|  |TAMS 0x0000000784b00000, 0x0000000784b00000| Untracked 
|  76|0x0000000784c00000, 0x0000000784c00000, 0x0000000784d00000|  0%| F|  |TAMS 0x0000000784c00000, 0x0000000784c00000| Untracked 
|  77|0x0000000784d00000, 0x0000000784d00000, 0x0000000784e00000|  0%| F|  |TAMS 0x0000000784d00000, 0x0000000784d00000| Untracked 
|  78|0x0000000784e00000, 0x0000000784e00000, 0x0000000784f00000|  0%| F|  |TAMS 0x0000000784e00000, 0x0000000784e00000| Untracked 
|  79|0x0000000784f00000, 0x0000000784f00000, 0x0000000785000000|  0%| F|  |TAMS 0x0000000784f00000, 0x0000000784f00000| Untracked 
|  80|0x0000000785000000, 0x0000000785000000, 0x0000000785100000|  0%| F|  |TAMS 0x0000000785000000, 0x0000000785000000| Untracked 
|  81|0x0000000785100000, 0x0000000785100000, 0x0000000785200000|  0%| F|  |TAMS 0x0000000785100000, 0x0000000785100000| Untracked 
|  82|0x0000000785200000, 0x0000000785200000, 0x0000000785300000|  0%| F|  |TAMS 0x0000000785200000, 0x0000000785200000| Untracked 
|  83|0x0000000785300000, 0x0000000785300000, 0x0000000785400000|  0%| F|  |TAMS 0x0000000785300000, 0x0000000785300000| Untracked 
|  84|0x0000000785400000, 0x0000000785400000, 0x0000000785500000|  0%| F|  |TAMS 0x0000000785400000, 0x0000000785400000| Untracked 
|  85|0x0000000785500000, 0x0000000785500000, 0x0000000785600000|  0%| F|  |TAMS 0x0000000785500000, 0x0000000785500000| Untracked 
|  86|0x0000000785600000, 0x0000000785600000, 0x0000000785700000|  0%| F|  |TAMS 0x0000000785600000, 0x0000000785600000| Untracked 
|  87|0x0000000785700000, 0x0000000785700000, 0x0000000785800000|  0%| F|  |TAMS 0x0000000785700000, 0x0000000785700000| Untracked 
|  88|0x0000000785800000, 0x0000000785800000, 0x0000000785900000|  0%| F|  |TAMS 0x0000000785800000, 0x0000000785800000| Untracked 
|  89|0x0000000785900000, 0x0000000785900000, 0x0000000785a00000|  0%| F|  |TAMS 0x0000000785900000, 0x0000000785900000| Untracked 
|  90|0x0000000785a00000, 0x0000000785a00000, 0x0000000785b00000|  0%| F|  |TAMS 0x0000000785a00000, 0x0000000785a00000| Untracked 
|  91|0x0000000785b00000, 0x0000000785b00000, 0x0000000785c00000|  0%| F|  |TAMS 0x0000000785b00000, 0x0000000785b00000| Untracked 
|  92|0x0000000785c00000, 0x0000000785c00000, 0x0000000785d00000|  0%| F|  |TAMS 0x0000000785c00000, 0x0000000785c00000| Untracked 
|  93|0x0000000785d00000, 0x0000000785d00000, 0x0000000785e00000|  0%| F|  |TAMS 0x0000000785d00000, 0x0000000785d00000| Untracked 
|  94|0x0000000785e00000, 0x0000000785e00000, 0x0000000785f00000|  0%| F|  |TAMS 0x0000000785e00000, 0x0000000785e00000| Untracked 
|  95|0x0000000785f00000, 0x0000000785f00000, 0x0000000786000000|  0%| F|  |TAMS 0x0000000785f00000, 0x0000000785f00000| Untracked 
|  96|0x0000000786000000, 0x0000000786000000, 0x0000000786100000|  0%| F|  |TAMS 0x0000000786000000, 0x0000000786000000| Untracked 
|  97|0x0000000786100000, 0x0000000786100000, 0x0000000786200000|  0%| F|  |TAMS 0x0000000786100000, 0x0000000786100000| Untracked 
|  98|0x0000000786200000, 0x0000000786200000, 0x0000000786300000|  0%| F|  |TAMS 0x0000000786200000, 0x0000000786200000| Untracked 
|  99|0x0000000786300000, 0x0000000786300000, 0x0000000786400000|  0%| F|  |TAMS 0x0000000786300000, 0x0000000786300000| Untracked 
| 100|0x0000000786400000, 0x0000000786400000, 0x0000000786500000|  0%| F|  |TAMS 0x0000000786400000, 0x0000000786400000| Untracked 
| 101|0x0000000786500000, 0x0000000786500000, 0x0000000786600000|  0%| F|  |TAMS 0x0000000786500000, 0x0000000786500000| Untracked 
| 102|0x0000000786600000, 0x0000000786600000, 0x0000000786700000|  0%| F|  |TAMS 0x0000000786600000, 0x0000000786600000| Untracked 
| 103|0x0000000786700000, 0x0000000786700000, 0x0000000786800000|  0%| F|  |TAMS 0x0000000786700000, 0x0000000786700000| Untracked 
| 104|0x0000000786800000, 0x0000000786800000, 0x0000000786900000|  0%| F|  |TAMS 0x0000000786800000, 0x0000000786800000| Untracked 
| 105|0x0000000786900000, 0x0000000786900000, 0x0000000786a00000|  0%| F|  |TAMS 0x0000000786900000, 0x0000000786900000| Untracked 
| 106|0x0000000786a00000, 0x0000000786a00000, 0x0000000786b00000|  0%| F|  |TAMS 0x0000000786a00000, 0x0000000786a00000| Untracked 
| 107|0x0000000786b00000, 0x0000000786b00000, 0x0000000786c00000|  0%| F|  |TAMS 0x0000000786b00000, 0x0000000786b00000| Untracked 
| 108|0x0000000786c00000, 0x0000000786c00000, 0x0000000786d00000|  0%| F|  |TAMS 0x0000000786c00000, 0x0000000786c00000| Untracked 
| 109|0x0000000786d00000, 0x0000000786d00000, 0x0000000786e00000|  0%| F|  |TAMS 0x0000000786d00000, 0x0000000786d00000| Untracked 
| 110|0x0000000786e00000, 0x0000000786e00000, 0x0000000786f00000|  0%| F|  |TAMS 0x0000000786e00000, 0x0000000786e00000| Untracked 
| 111|0x0000000786f00000, 0x0000000786f00000, 0x0000000787000000|  0%| F|  |TAMS 0x0000000786f00000, 0x0000000786f00000| Untracked 
| 112|0x0000000787000000, 0x0000000787000000, 0x0000000787100000|  0%| F|  |TAMS 0x0000000787000000, 0x0000000787000000| Untracked 
| 113|0x0000000787100000, 0x00000007871d2e58, 0x0000000787200000| 82%| E|  |TAMS 0x0000000787100000, 0x0000000787100000| Complete 
| 114|0x0000000787200000, 0x0000000787300000, 0x0000000787300000|100%| E|CS|TAMS 0x0000000787200000, 0x0000000787200000| Complete 
| 115|0x0000000787300000, 0x0000000787400000, 0x0000000787400000|100%| E|CS|TAMS 0x0000000787300000, 0x0000000787300000| Complete 
| 116|0x0000000787400000, 0x0000000787500000, 0x0000000787500000|100%| E|CS|TAMS 0x0000000787400000, 0x0000000787400000| Complete 
| 117|0x0000000787500000, 0x0000000787600000, 0x0000000787600000|100%| E|CS|TAMS 0x0000000787500000, 0x0000000787500000| Complete 
| 118|0x0000000787600000, 0x0000000787700000, 0x0000000787700000|100%| E|CS|TAMS 0x0000000787600000, 0x0000000787600000| Complete 
| 119|0x0000000787700000, 0x0000000787800000, 0x0000000787800000|100%| E|CS|TAMS 0x0000000787700000, 0x0000000787700000| Complete 
| 120|0x0000000787800000, 0x0000000787900000, 0x0000000787900000|100%| E|CS|TAMS 0x0000000787800000, 0x0000000787800000| Complete 
| 121|0x0000000787900000, 0x0000000787a00000, 0x0000000787a00000|100%| E|CS|TAMS 0x0000000787900000, 0x0000000787900000| Complete 
| 122|0x0000000787a00000, 0x0000000787b00000, 0x0000000787b00000|100%| E|CS|TAMS 0x0000000787a00000, 0x0000000787a00000| Complete 
| 123|0x0000000787b00000, 0x0000000787b54b90, 0x0000000787c00000| 33%| S|CS|TAMS 0x0000000787b00000, 0x0000000787b00000| Complete 
| 124|0x0000000787c00000, 0x0000000787d00000, 0x0000000787d00000|100%| E|CS|TAMS 0x0000000787c00000, 0x0000000787c00000| Complete 
| 125|0x0000000787d00000, 0x0000000787e00000, 0x0000000787e00000|100%| E|CS|TAMS 0x0000000787d00000, 0x0000000787d00000| Complete 
| 126|0x0000000787e00000, 0x0000000787f00000, 0x0000000787f00000|100%| E|CS|TAMS 0x0000000787e00000, 0x0000000787e00000| Complete 
| 127|0x0000000787f00000, 0x0000000788000000, 0x0000000788000000|100%| E|CS|TAMS 0x0000000787f00000, 0x0000000787f00000| Complete 

Card table byte_map: [0x0000000105de5000,0x00000001061e5000] _byte_map_base: 0x00000001021e5000

Marking Bits (Prev, Next): (CMBitMap*) 0x00007fd4c5022418, (CMBitMap*) 0x00007fd4c5022450
 Prev Bits: [0x000000011a81c000, 0x000000011c81c000)
 Next Bits: [0x000000011c81c000, 0x000000011e81c000)

Polling page: 0x0000000103df3000

Metaspace:

Usage:
  Non-class:     16.79 MB capacity,    16.51 MB ( 98%) used,   235.01 KB (  1%) free+waste,    56.56 KB ( <1%) overhead. 
      Class:      2.17 MB capacity,     1.94 MB ( 89%) used,   207.88 KB (  9%) free+waste,    29.50 KB (  1%) overhead. 
       Both:     18.97 MB capacity,    18.45 MB ( 97%) used,   442.89 KB (  2%) free+waste,    86.06 KB ( <1%) overhead. 

Virtual space:
  Non-class space:       18.00 MB reserved,      17.00 MB ( 94%) committed 
      Class space:        1.00 GB reserved,       2.25 MB ( <1%) committed 
             Both:        1.02 GB reserved,      19.25 MB (  2%) committed 

Chunk freelists:
   Non-Class:  77.00 KB
       Class:  0 bytes
        Both:  77.00 KB

MaxMetaspaceSize: unlimited
CompressedClassSpaceSize: 1.00 GB

CodeHeap 'non-profiled nmethods': size=120032Kb used=980Kb max_used=980Kb free=119051Kb
 bounds [0x00000001132e4000, 0x0000000113554000, 0x000000011a81c000]
CodeHeap 'profiled nmethods': size=120032Kb used=5035Kb max_used=5035Kb free=114996Kb
 bounds [0x000000010bdac000, 0x000000010c29c000, 0x00000001132e4000]
CodeHeap 'non-nmethods': size=5696Kb used=1244Kb max_used=1288Kb free=4451Kb
 bounds [0x000000010b81c000, 0x000000010ba8c000, 0x000000010bdac000]
 total_blobs=3599 nmethods=2374 adapters=551
 compilation: enabled
              stopped_count=0, restarted_count=0
 full_count=0

Compilation events (20 events):
Event: 41.248 Thread 0x00007fd4c582e800 nmethod 2366 0x000000010c291f90 code [0x000000010c292160, 0x000000010c292348]
Event: 41.248 Thread 0x00007fd4c582e800 2367       3       jdk.internal.reflect.ByteVectorImpl::add (38 bytes)
Event: 41.249 Thread 0x00007fd4c582e800 nmethod 2367 0x000000010c292410 code [0x000000010c2925e0, 0x000000010c292808]
Event: 41.249 Thread 0x00007fd4c509e000 nmethod 2368 0x00000001133d7810 code [0x00000001133d79c0, 0x00000001133d7a88]
Event: 41.250 Thread 0x00007fd4c582e800 2369       3       java.lang.invoke.LambdaForm$MH/0x000000080016d840::invoke (155 bytes)
Event: 41.250 Thread 0x00007fd4c509e000 2372   !   4       java.lang.ref.ReferenceQueue::poll (28 bytes)
Event: 41.250 Thread 0x00007fd4c582e800 nmethod 2369 0x000000010c292910 code [0x000000010c292ba0, 0x000000010c293c78]
Event: 41.250 Thread 0x00007fd4c582e800 2371       1       javax.swing.plaf.basic.BasicButtonUI::getPropertyPrefix (3 bytes)
Event: 41.250 Thread 0x00007fd4c582e800 nmethod 2371 0x00000001133d7b90 code [0x00000001133d7d40, 0x00000001133d7e50]
Event: 41.250 Thread 0x00007fd4c582e800 2370   !   3       java.util.WeakHashMap::expungeStaleEntries (139 bytes)
Event: 41.252 Thread 0x00007fd4c582e800 nmethod 2370 0x000000010c294090 code [0x000000010c2942c0, 0x000000010c294f28]
Event: 41.252 Thread 0x00007fd4c582e800 2375       3       java.awt.Component::getToolkitImpl (18 bytes)
Event: 41.253 Thread 0x00007fd4c582e800 nmethod 2375 0x000000010c295410 code [0x000000010c295700, 0x000000010c2967e8]
Event: 41.253 Thread 0x00007fd4c582e800 2374       1       java.awt.event.HierarchyEvent::getChangeFlags (5 bytes)
Event: 41.253 Thread 0x00007fd4c582e800 nmethod 2374 0x00000001133d7e90 code [0x00000001133d8040, 0x00000001133d8150]
Event: 41.258 Thread 0x00007fd4c509e000 nmethod 2372 0x00000001133d8190 code [0x00000001133d8340, 0x00000001133d8988]
Event: 41.258 Thread 0x00007fd4c509e000 2373       4       java.awt.Component::checkTreeLock (21 bytes)
Event: 41.259 Thread 0x00007fd4c509e000 nmethod 2373 0x00000001133d8a90 code [0x00000001133d8c40, 0x00000001133d8ce8]
Event: 41.259 Thread 0x00007fd4c509e000 2376       4       java.awt.Container::getComponentCount (5 bytes)
Event: 41.260 Thread 0x00007fd4c509e000 nmethod 2376 0x00000001133d8d90 code [0x00000001133d8f20, 0x00000001133d8fb8]

GC Heap History (4 events):
Event: 10.353 GC heap before
{Heap before GC invocations=0 (full 0):
 garbage-first heap   total 131072K, used 14336K [0x0000000780000000, 0x0000000800000000)
  region size 1024K, 14 young (14336K), 0 survivors (0K)
 Metaspace       used 17962K, capacity 18440K, committed 18688K, reserved 1064960K
  class space    used 1963K, capacity 2204K, committed 2304K, reserved 1048576K
}
Event: 10.363 GC heap after
{Heap after GC invocations=1 (full 0):
 garbage-first heap   total 131072K, used 3724K [0x0000000780000000, 0x0000000800000000)
  region size 1024K, 2 young (2048K), 2 survivors (2048K)
 Metaspace       used 17962K, capacity 18440K, committed 18688K, reserved 1064960K
  class space    used 1963K, capacity 2204K, committed 2304K, reserved 1048576K
}
Event: 17.926 GC heap before
{Heap before GC invocations=1 (full 0):
 garbage-first heap   total 131072K, used 7820K [0x0000000780000000, 0x0000000800000000)
  region size 1024K, 6 young (6144K), 2 survivors (2048K)
 Metaspace       used 18543K, capacity 19076K, committed 19456K, reserved 1067008K
  class space    used 1978K, capacity 2223K, committed 2304K, reserved 1048576K
}
Event: 17.932 GC heap after
{Heap after GC invocations=2 (full 0):
 garbage-first heap   total 131072K, used 4107K [0x0000000780000000, 0x0000000800000000)
  region size 1024K, 1 young (1024K), 1 survivors (1024K)
 Metaspace       used 18543K, capacity 19076K, committed 19456K, reserved 1067008K
  class space    used 1978K, capacity 2223K, committed 2304K, reserved 1048576K
}

Deoptimization events (20 events):
Event: 34.648 Thread 0x00007fd4c5908000 Uncommon trap: trap_request=0xffffff4d fr.pc=0x0000000113381b90 relative=0x00000000000000f0
Event: 34.648 Thread 0x00007fd4c5908000 Uncommon trap: reason=unstable_if action=reinterpret pc=0x0000000113381b90 method=javax.swing.SwingUtilities.computeIntersection(IIIILjava/awt/Rectangle;)Ljava/awt/Rectangle; @ 159 c2
Event: 34.649 Thread 0x00007fd4c5908000 DEOPT PACKING pc=0x0000000113381b90 sp=0x000070000b4e2e80
Event: 34.649 Thread 0x00007fd4c5908000 DEOPT UNPACKING pc=0x000000010b8449a5 sp=0x000070000b4e2e08 mode 2
Event: 34.733 Thread 0x00007fd4c5908000 Uncommon trap: trap_request=0xffffffcc fr.pc=0x00000001133c09fc relative=0x00000000000002bc
Event: 34.733 Thread 0x00007fd4c5908000 Uncommon trap: reason=intrinsic_or_type_checked_inlining action=make_not_entrant pc=0x00000001133c09fc method=java.util.Arrays.copyOf([Ljava/lang/Object;ILjava/lang/Class;)[Ljava/lang/Object; @ 35 c2
Event: 34.733 Thread 0x00007fd4c5908000 DEOPT PACKING pc=0x00000001133c09fc sp=0x000070000b4e1740
Event: 34.733 Thread 0x00007fd4c5908000 DEOPT UNPACKING pc=0x000000010b8449a5 sp=0x000070000b4e16d0 mode 2
Event: 35.503 Thread 0x00007fd4c5908000 Uncommon trap: trap_request=0xffffff4d fr.pc=0x00000001133bd874 relative=0x0000000000001db4
Event: 35.503 Thread 0x00007fd4c5908000 Uncommon trap: reason=unstable_if action=reinterpret pc=0x00000001133bd874 method=javax.swing.SwingUtilities.computeUnion(IIIILjava/awt/Rectangle;)Ljava/awt/Rectangle; @ 6 c2
Event: 35.503 Thread 0x00007fd4c5908000 DEOPT PACKING pc=0x00000001133bd874 sp=0x000070000b4e11e0
Event: 35.503 Thread 0x00007fd4c5908000 DEOPT UNPACKING pc=0x000000010b8449a5 sp=0x000070000b4e1090 mode 2
Event: 35.518 Thread 0x00007fd4c5908000 Uncommon trap: trap_request=0xffffff4d fr.pc=0x000000011339d910 relative=0x0000000000000530
Event: 35.518 Thread 0x00007fd4c5908000 Uncommon trap: reason=unstable_if action=reinterpret pc=0x000000011339d910 method=javax.swing.SwingUtilities.computeUnion(IIIILjava/awt/Rectangle;)Ljava/awt/Rectangle; @ 6 c2
Event: 35.518 Thread 0x00007fd4c5908000 DEOPT PACKING pc=0x000000011339d910 sp=0x000070000b4e1160
Event: 35.518 Thread 0x00007fd4c5908000 DEOPT UNPACKING pc=0x000000010b8449a5 sp=0x000070000b4e1080 mode 2
Event: 41.252 Thread 0x00007fd4c5908000 Uncommon trap: trap_request=0xffffff4d fr.pc=0x00000001133995c0 relative=0x0000000000000240
Event: 41.252 Thread 0x00007fd4c5908000 Uncommon trap: reason=unstable_if action=reinterpret pc=0x00000001133995c0 method=sun.font.FontDesignMetrics.getLatinCharWidth(C)F @ 11 c2
Event: 41.252 Thread 0x00007fd4c5908000 DEOPT PACKING pc=0x00000001133995c0 sp=0x000070000b4dfc40
Event: 41.252 Thread 0x00007fd4c5908000 DEOPT UNPACKING pc=0x000000010b8449a5 sp=0x000070000b4dfb78 mode 2

Classes redefined (0 events):
No events

Internal exceptions (20 events):
Event: 2.178 Thread 0x00007fd4c541a000 Exception <a 'java/lang/NoSuchMethodError'{0x00000007879e25d8}: 'java.lang.Object java.lang.invoke.DirectMethodHandle$Holder.invokeStatic(java.lang.Object, java.lang.Object, java.lang.Object, int, java.lang.Object)'> (0x00000007879e25d8) thrown at [/opt/b
Event: 2.179 Thread 0x00007fd4c541a000 Exception <a 'java/lang/NoSuchMethodError'{0x00000007879e8d38}: 'java.lang.Object java.lang.invoke.Invokers$Holder.linkToTargetMethod(java.lang.Object, java.lang.Object, int, java.lang.Object, java.lang.Object)'> (0x00000007879e8d38) thrown at [/opt/build
Event: 2.217 Thread 0x00007fd4c5908000 Exception <a 'java/lang/NoSuchMethodError'{0x00000007876059f8}: 'void java.lang.invoke.DirectMethodHandle$Holder.invokeStatic(java.lang.Object, int, long)'> (0x00000007876059f8) thrown at [/opt/buildAgent/work/5ff2f6c26000d570/src/hotspot/share/interprete
Event: 2.221 Thread 0x00007fd4c5908000 Exception <a 'java/lang/NoSuchMethodError'{0x000000078760d548}: 'void java.lang.invoke.DirectMethodHandle$Holder.invokeSpecial(java.lang.Object, java.lang.Object)'> (0x000000078760d548) thrown at [/opt/buildAgent/work/5ff2f6c26000d570/src/hotspot/share/in
Event: 2.224 Thread 0x00007fd4c5908000 Exception <a 'java/lang/NoSuchMethodError'{0x00000007876188c8}: 'java.lang.Object java.lang.invoke.DirectMethodHandle$Holder.invokeStatic(java.lang.Object, int, int, int, int)'> (0x00000007876188c8) thrown at [/opt/buildAgent/work/5ff2f6c26000d570/src/hot
Event: 2.225 Thread 0x00007fd4c5908000 Exception <a 'java/lang/NoSuchMethodError'{0x000000078761bf68}: 'java.lang.Object java.lang.invoke.DirectMethodHandle$Holder.invokeSpecial(java.lang.Object, java.lang.Object, int, int, int, int)'> (0x000000078761bf68) thrown at [/opt/buildAgent/work/5ff2f
Event: 2.226 Thread 0x00007fd4c5908000 Exception <a 'java/lang/NoSuchMethodError'{0x000000078761f0a8}: 'java.lang.Object java.lang.invoke.Invokers$Holder.linkToTargetMethod(int, int, int, int, java.lang.Object)'> (0x000000078761f0a8) thrown at [/opt/buildAgent/work/5ff2f6c26000d570/src/hotspot
Event: 2.227 Thread 0x00007fd4c5908000 Exception <a 'java/lang/NoSuchMethodError'{0x0000000787622348}: 'void java.lang.invoke.DirectMethodHandle$Holder.invokeStatic(java.lang.Object, java.lang.Object, long)'> (0x0000000787622348) thrown at [/opt/buildAgent/work/5ff2f6c26000d570/src/hotspot/sha
Event: 2.591 Thread 0x00007fd4c5908000 Exception <a 'java/lang/NoSuchMethodError'{0x000000078750ec50}: 'java.lang.Object java.lang.invoke.DirectMethodHandle$Holder.invokeStatic(java.lang.Object, java.lang.Object, java.lang.Object, java.lang.Object, java.lang.Object, java.lang.Object, java.lang
Event: 2.597 Thread 0x00007fd4c5908000 Exception <a 'java/lang/NoSuchMethodError'{0x000000078752cdf8}: 'java.lang.Object java.lang.invoke.DirectMethodHandle$Holder.invokeStatic(java.lang.Object, java.lang.Object, java.lang.Object, java.lang.Object, java.lang.Object, java.lang.Object, java.lang
Event: 2.600 Thread 0x00007fd4c5908000 Exception <a 'java/lang/NoSuchMethodError'{0x000000078754c078}: 'java.lang.Object java.lang.invoke.DirectMethodHandle$Holder.invokeStatic(java.lang.Object, java.lang.Object, java.lang.Object, java.lang.Object, java.lang.Object, java.lang.Object, java.lang
Event: 2.603 Thread 0x00007fd4c5908000 Exception <a 'java/lang/NoSuchMethodError'{0x000000078756c738}: 'java.lang.Object java.lang.invoke.DirectMethodHandle$Holder.invokeStatic(java.lang.Object, java.lang.Object, java.lang.Object, java.lang.Object, java.lang.Object, java.lang.Object, java.lang
Event: 3.263 Thread 0x00007fd4c5908000 Exception <a 'java/lang/NoSuchMethodError'{0x0000000787417dc0}: 'int java.lang.invoke.DirectMethodHandle$Holder.invokeVirtual(java.lang.Object, java.lang.Object)'> (0x0000000787417dc0) thrown at [/opt/buildAgent/work/5ff2f6c26000d570/src/hotspot/share/int
Event: 3.316 Thread 0x00007fd4c5908000 Exception <a 'java/lang/NoSuchMethodError'{0x000000078742d6a8}: 'void java.lang.invoke.DirectMethodHandle$Holder.invokeSpecial(java.lang.Object, java.lang.Object, long)'> (0x000000078742d6a8) thrown at [/opt/buildAgent/work/5ff2f6c26000d570/src/hotspot/sh
Event: 3.316 Thread 0x00007fd4c5908000 Exception <a 'java/lang/NoSuchMethodError'{0x00000007874334b8}: 'void java.lang.invoke.DirectMethodHandle$Holder.invokeStatic(java.lang.Object, long, long)'> (0x00000007874334b8) thrown at [/opt/buildAgent/work/5ff2f6c26000d570/src/hotspot/share/interpret
Event: 3.317 Thread 0x00007fd4c5908000 Exception <a 'java/lang/NoSuchMethodError'{0x0000000787438990}: 'java.lang.Object java.lang.invoke.DirectMethodHandle$Holder.invokeStatic(java.lang.Object, long)'> (0x0000000787438990) thrown at [/opt/buildAgent/work/5ff2f6c26000d570/src/hotspot/share/int
Event: 3.369 Thread 0x00007fd4c5908000 Exception <a 'java/lang/NoSuchMethodError'{0x00000007874a6098}: 'void java.lang.invoke.DirectMethodHandle$Holder.invokeStatic(java.lang.Object, long)'> (0x00000007874a6098) thrown at [/opt/buildAgent/work/5ff2f6c26000d570/src/hotspot/share/interpreter/lin
Event: 3.395 Thread 0x00007fd4c5908000 Exception <a 'java/lang/NoSuchMethodError'{0x00000007874bc268}: 'java.lang.Object java.lang.invoke.DirectMethodHandle$Holder.invokeStatic(java.lang.Object, int, int, java.lang.Object, java.lang.Object, java.lang.Object)'> (0x00000007874bc268) thrown at [/
Event: 11.251 Thread 0x00007fd4c403d800 Exception <a 'java/lang/NoSuchMethodError'{0x0000000787e3dee8}: 'java.lang.Object java.lang.invoke.DirectMethodHandle$Holder.invokeStatic(java.lang.Object, java.lang.Object, java.lang.Object, java.lang.Object, java.lang.Object, java.lang.Object, java.lang
Event: 11.253 Thread 0x00007fd4c403d800 Exception <a 'java/lang/NoSuchMethodError'{0x0000000787d0a958}: 'java.lang.Object java.lang.invoke.DirectMethodHandle$Holder.invokeStatic(java.lang.Object, java.lang.Object, java.lang.Object, java.lang.Object, java.lang.Object, java.lang.Object, java.lang

Events (20 events):
Event: 41.247 loading class jdk/internal/reflect/ByteVector done
Event: 41.247 loading class jdk/internal/reflect/ByteVectorImpl done
Event: 41.247 loading class jdk/internal/reflect/ClassFileAssembler
Event: 41.248 loading class jdk/internal/reflect/ClassFileAssembler done
Event: 41.248 loading class jdk/internal/reflect/UTF8
Event: 41.248 loading class jdk/internal/reflect/UTF8 done
Event: 41.248 loading class jdk/internal/reflect/Label
Event: 41.248 loading class jdk/internal/reflect/Label done
Event: 41.248 loading class jdk/internal/reflect/Label$PatchInfo
Event: 41.248 loading class jdk/internal/reflect/Label$PatchInfo done
Event: 41.249 loading class jdk/internal/reflect/MethodAccessorGenerator$1
Event: 41.249 loading class jdk/internal/reflect/MethodAccessorGenerator$1 done
Event: 41.249 loading class jdk/internal/reflect/ClassDefiner
Event: 41.249 loading class jdk/internal/reflect/ClassDefiner done
Event: 41.249 loading class jdk/internal/reflect/ClassDefiner$1
Event: 41.249 loading class jdk/internal/reflect/ClassDefiner$1 done
Event: 41.251 Executing VM operation: RevokeBias
Event: 41.251 Executing VM operation: RevokeBias done
Event: 41.251 Protecting memory [0x000070000a632000,0x000070000a636000] with protection modes 3
Event: 41.251 Thread 0x00007fd4c5b71000 Thread exited: 0x00007fd4c5b71000


Dynamic libraries:
0x00007fff3af43000 	/System/Library/Frameworks/Cocoa.framework/Versions/A/Cocoa
0x00007fff48511000 	/System/Library/Frameworks/Security.framework/Versions/A/Security
0x00007fff39ecd000 	/System/Library/Frameworks/ApplicationServices.framework/Versions/A/ApplicationServices
0x00007fff7293e000 	/usr/lib/libz.1.dylib
0x0000000103d7d000 	/Applications/IntelliJ IDEA CE.app/Contents/jbr/Contents/Home/lib/jli/libjli.dylib
0x00007fff7040d000 	/usr/lib/libSystem.B.dylib
0x00007fff390c2000 	/System/Library/Frameworks/AppKit.framework/Versions/C/AppKit
0x00007fff3b9c6000 	/System/Library/Frameworks/CoreData.framework/Versions/A/CoreData
0x00007fff3e57f000 	/System/Library/Frameworks/Foundation.framework/Versions/C/Foundation
0x00007fff6ccb5000 	/System/Library/PrivateFrameworks/UIFoundation.framework/Versions/A/UIFoundation
0x00007fff67491000 	/System/Library/PrivateFrameworks/RemoteViewServices.framework/Versions/A/RemoteViewServices
0x00007fff6f748000 	/System/Library/PrivateFrameworks/XCTTargetBootstrap.framework/Versions/A/XCTTargetBootstrap
0x00007fff3bda9000 	/System/Library/Frameworks/CoreDisplay.framework/Versions/A/CoreDisplay
0x00007fff412f7000 	/System/Library/Frameworks/Metal.framework/Versions/A/Metal
0x00007fff55897000 	/System/Library/PrivateFrameworks/DesktopServicesPriv.framework/Versions/A/DesktopServicesPriv
0x00007fff71543000 	/usr/lib/liblangid.dylib
0x00007fff549e3000 	/System/Library/PrivateFrameworks/CoreSVG.framework/Versions/A/CoreSVG
0x00007fff6a258000 	/System/Library/PrivateFrameworks/SkyLight.framework/Versions/A/SkyLight
0x00007fff3c33c000 	/System/Library/Frameworks/CoreGraphics.framework/Versions/A/CoreGraphics
0x00007fff37c61000 	/System/Library/Frameworks/Accelerate.framework/Versions/A/Accelerate
0x00007fff7282f000 	/usr/lib/libxml2.2.dylib
0x00007fff605bb000 	/System/Library/PrivateFrameworks/IconServices.framework/Versions/A/IconServices
0x00007fff3ed64000 	/System/Library/Frameworks/IOSurface.framework/Versions/A/IOSurface
0x00007fff6ff45000 	/usr/lib/libDiagnosticMessagesClient.dylib
0x00007fff55710000 	/System/Library/PrivateFrameworks/DFRFoundation.framework/Versions/A/DFRFoundation
0x00007fff712d1000 	/usr/lib/libicucore.A.dylib
0x00007fff3a1ff000 	/System/Library/Frameworks/AudioToolbox.framework/Versions/A/AudioToolbox
0x00007fff3a2e1000 	/System/Library/Frameworks/AudioUnit.framework/Versions/A/AudioUnit
0x00007fff7060e000 	/usr/lib/libauto.dylib
0x00007fff55791000 	/System/Library/PrivateFrameworks/DataDetectorsCore.framework/Versions/A/DataDetectorsCore
0x00007fff3aa63000 	/System/Library/Frameworks/Carbon.framework/Versions/A/Frameworks/HIToolbox.framework/Versions/A/HIToolbox
0x00007fff47742000 	/System/Library/Frameworks/QuartzCore.framework/Versions/A/QuartzCore
0x00007fff3ada2000 	/System/Library/Frameworks/Carbon.framework/Versions/A/Frameworks/SpeechRecognition.framework/Versions/A/SpeechRecognition
0x00007fff55096000 	/System/Library/PrivateFrameworks/CoreUI.framework/Versions/A/CoreUI
0x00007fff3b42c000 	/System/Library/Frameworks/CoreAudio.framework/Versions/A/CoreAudio
0x00007fff3e247000 	/System/Library/Frameworks/DiskArbitration.framework/Versions/A/DiskArbitration
0x00007fff625d0000 	/System/Library/PrivateFrameworks/MultitouchSupport.framework/Versions/A/MultitouchSupport
0x00007fff71197000 	/usr/lib/libenergytrace.dylib
0x00007fff3ecbf000 	/System/Library/Frameworks/IOKit.framework/Versions/A/IOKit
0x00007fff3d2aa000 	/System/Library/Frameworks/CoreServices.framework/Versions/A/CoreServices
0x00007fff646dd000 	/System/Library/PrivateFrameworks/PerformanceAnalysis.framework/Versions/A/PerformanceAnalysis
0x00007fff46778000 	/System/Library/Frameworks/OpenGL.framework/Versions/A/OpenGL
0x00007fff72262000 	/usr/lib/libobjc.A.dylib
0x00007fff3af51000 	/System/Library/Frameworks/ColorSync.framework/Versions/A/ColorSync
0x00007fff3beba000 	/System/Library/Frameworks/CoreFoundation.framework/Versions/A/CoreFoundation
0x00007fff3c9c3000 	/System/Library/Frameworks/CoreImage.framework/Versions/A/CoreImage
0x00007fff3dd20000 	/System/Library/Frameworks/CoreText.framework/Versions/A/CoreText
0x00007fff3edea000 	/System/Library/Frameworks/ImageIO.framework/Versions/A/ImageIO
0x00007fff706f3000 	/usr/lib/libc++.1.dylib
0x00007fff7076f000 	/usr/lib/libcompression.dylib
0x00007fff70287000 	/usr/lib/libMobileGestalt.dylib
0x00007fff6bd97000 	/System/Library/PrivateFrameworks/TextureIO.framework/Versions/A/TextureIO
0x00007fff70574000 	/usr/lib/libate.dylib
0x00007fff607c4000 	/System/Library/PrivateFrameworks/InternationalSupport.framework/Versions/A/InternationalSupport
0x00007fff733b4000 	/usr/lib/system/libcache.dylib
0x00007fff733ba000 	/usr/lib/system/libcommonCrypto.dylib
0x00007fff733c6000 	/usr/lib/system/libcompiler_rt.dylib
0x00007fff733ce000 	/usr/lib/system/libcopyfile.dylib
0x00007fff733d8000 	/usr/lib/system/libcorecrypto.dylib
0x00007fff73586000 	/usr/lib/system/libdispatch.dylib
0x00007fff735c8000 	/usr/lib/system/libdyld.dylib
0x00007fff735fe000 	/usr/lib/system/libkeymgr.dylib
0x00007fff7360c000 	/usr/lib/system/liblaunch.dylib
0x00007fff7360d000 	/usr/lib/system/libmacho.dylib
0x00007fff73613000 	/usr/lib/system/libquarantine.dylib
0x00007fff73616000 	/usr/lib/system/libremovefile.dylib
0x00007fff73618000 	/usr/lib/system/libsystem_asl.dylib
0x00007fff73630000 	/usr/lib/system/libsystem_blocks.dylib
0x00007fff73631000 	/usr/lib/system/libsystem_c.dylib
0x00007fff736b9000 	/usr/lib/system/libsystem_configuration.dylib
0x00007fff736bd000 	/usr/lib/system/libsystem_coreservices.dylib
0x00007fff736c1000 	/usr/lib/system/libsystem_darwin.dylib
0x00007fff736ca000 	/usr/lib/system/libsystem_dnssd.dylib
0x00007fff736d2000 	/usr/lib/system/libsystem_featureflags.dylib
0x00007fff736d4000 	/usr/lib/system/libsystem_info.dylib
0x00007fff7374f000 	/usr/lib/system/libsystem_m.dylib
0x00007fff73797000 	/usr/lib/system/libsystem_malloc.dylib
0x00007fff737bf000 	/usr/lib/system/libsystem_networkextension.dylib
0x00007fff737cd000 	/usr/lib/system/libsystem_notify.dylib
0x00007fff737ec000 	/usr/lib/system/libsystem_sandbox.dylib
0x00007fff737f1000 	/usr/lib/system/libsystem_secinit.dylib
0x00007fff73722000 	/usr/lib/system/libsystem_kernel.dylib
0x00007fff737d7000 	/usr/lib/system/libsystem_platform.dylib
0x00007fff737e1000 	/usr/lib/system/libsystem_pthread.dylib
0x00007fff737f4000 	/usr/lib/system/libsystem_symptoms.dylib
0x00007fff737fc000 	/usr/lib/system/libsystem_trace.dylib
0x00007fff73814000 	/usr/lib/system/libunwind.dylib
0x00007fff7381a000 	/usr/lib/system/libxpc.dylib
0x00007fff70747000 	/usr/lib/libc++abi.dylib
0x00007fff71545000 	/usr/lib/liblzma.5.dylib
0x00007fff711bf000 	/usr/lib/libfakelink.dylib
0x00007fff70501000 	/usr/lib/libarchive.2.dylib
0x00007fff496b3000 	/System/Library/Frameworks/SystemConfiguration.framework/Versions/A/SystemConfiguration
0x00007fff6fe76000 	/usr/lib/libCRFSuite.dylib
0x00007fff3a657000 	/System/Library/Frameworks/CFNetwork.framework/Versions/A/CFNetwork
0x00007fff706d5000 	/usr/lib/libbsm.0.dylib
0x00007fff735ff000 	/usr/lib/system/libkxld.dylib
0x00007fff4f1c7000 	/System/Library/PrivateFrameworks/AppleFSCompression.framework/Versions/A/AppleFSCompression
0x00007fff70a56000 	/usr/lib/libcoretls.dylib
0x00007fff70a6d000 	/usr/lib/libcoretls_cfhelpers.dylib
0x00007fff722a6000 	/usr/lib/libpam.2.dylib
0x00007fff723d9000 	/usr/lib/libsqlite3.dylib
0x00007fff7281c000 	/usr/lib/libxar.1.dylib
0x00007fff706e6000 	/usr/lib/libbz2.1.0.dylib
0x00007fff711e0000 	/usr/lib/libiconv.2.dylib
0x00007fff7075c000 	/usr/lib/libcharset.1.dylib
0x00007fff71d4d000 	/usr/lib/libnetwork.dylib
0x00007fff722ad000 	/usr/lib/libpcap.A.dylib
0x00007fff704b6000 	/usr/lib/libapple_nghttp2.dylib
0x00007fff3d661000 	/System/Library/Frameworks/CoreServices.framework/Versions/A/Frameworks/FSEvents.framework/Versions/A/FSEvents
0x00007fff3d331000 	/System/Library/Frameworks/CoreServices.framework/Versions/A/Frameworks/CarbonCore.framework/Versions/A/CarbonCore
0x00007fff3d8a4000 	/System/Library/Frameworks/CoreServices.framework/Versions/A/Frameworks/Metadata.framework/Versions/A/Metadata
0x00007fff3d93d000 	/System/Library/Frameworks/CoreServices.framework/Versions/A/Frameworks/OSServices.framework/Versions/A/OSServices
0x00007fff3d96b000 	/System/Library/Frameworks/CoreServices.framework/Versions/A/Frameworks/SearchKit.framework/Versions/A/SearchKit
0x00007fff3d2ab000 	/System/Library/Frameworks/CoreServices.framework/Versions/A/Frameworks/AE.framework/Versions/A/AE
0x00007fff3d66a000 	/System/Library/Frameworks/CoreServices.framework/Versions/A/Frameworks/LaunchServices.framework/Versions/A/LaunchServices
0x00007fff3d613000 	/System/Library/Frameworks/CoreServices.framework/Versions/A/Frameworks/DictionaryServices.framework/Versions/A/DictionaryServices
0x00007fff3d9d3000 	/System/Library/Frameworks/CoreServices.framework/Versions/A/Frameworks/SharedFileList.framework/Versions/A/SharedFileList
0x00007fff425cc000 	/System/Library/Frameworks/NetFS.framework/Versions/A/NetFS
0x00007fff62b00000 	/System/Library/PrivateFrameworks/NetAuth.framework/Versions/A/NetAuth
0x00007fff6fb13000 	/System/Library/PrivateFrameworks/login.framework/Versions/A/Frameworks/loginsupport.framework/Versions/A/loginsupport
0x00007fff6b892000 	/System/Library/PrivateFrameworks/TCC.framework/Versions/A/TCC
0x00007fff53db2000 	/System/Library/PrivateFrameworks/CoreNLP.framework/Versions/A/CoreNLP
0x00007fff62000000 	/System/Library/PrivateFrameworks/MetadataUtilities.framework/Versions/A/MetadataUtilities
0x00007fff7161d000 	/usr/lib/libmecabra.dylib
0x00007fff71575000 	/usr/lib/libmecab.dylib
0x00007fff711d0000 	/usr/lib/libgermantok.dylib
0x00007fff7049d000 	/usr/lib/libThaiTokenizer.dylib
0x00007fff6feae000 	/usr/lib/libChineseTokenizer.dylib
0x00007fff37c79000 	/System/Library/Frameworks/Accelerate.framework/Versions/A/Frameworks/vImage.framework/Versions/A/vImage
0x00007fff38f1c000 	/System/Library/Frameworks/Accelerate.framework/Versions/A/Frameworks/vecLib.framework/Versions/A/vecLib
0x00007fff38e60000 	/System/Library/Frameworks/Accelerate.framework/Versions/A/Frameworks/vecLib.framework/Versions/A/libvMisc.dylib
0x00007fff38c86000 	/System/Library/Frameworks/Accelerate.framework/Versions/A/Frameworks/vecLib.framework/Versions/A/libvDSP.dylib
0x00007fff382e5000 	/System/Library/Frameworks/Accelerate.framework/Versions/A/Frameworks/vecLib.framework/Versions/A/libBLAS.dylib
0x00007fff38840000 	/System/Library/Frameworks/Accelerate.framework/Versions/A/Frameworks/vecLib.framework/Versions/A/libLAPACK.dylib
0x00007fff38be6000 	/System/Library/Frameworks/Accelerate.framework/Versions/A/Frameworks/vecLib.framework/Versions/A/libLinearAlgebra.dylib
0x00007fff38c73000 	/System/Library/Frameworks/Accelerate.framework/Versions/A/Frameworks/vecLib.framework/Versions/A/libSparseBLAS.dylib
0x00007fff38bfc000 	/System/Library/Frameworks/Accelerate.framework/Versions/A/Frameworks/vecLib.framework/Versions/A/libQuadrature.dylib
0x00007fff3854f000 	/System/Library/Frameworks/Accelerate.framework/Versions/A/Frameworks/vecLib.framework/Versions/A/libBNNS.dylib
0x00007fff38c02000 	/System/Library/Frameworks/Accelerate.framework/Versions/A/Frameworks/vecLib.framework/Versions/A/libSparse.dylib
0x00007fff60b83000 	/System/Library/PrivateFrameworks/LanguageModeling.framework/Versions/A/LanguageModeling
0x00007fff5374e000 	/System/Library/PrivateFrameworks/CoreEmoji.framework/Versions/A/CoreEmoji
0x00007fff60ca1000 	/System/Library/PrivateFrameworks/LinguisticData.framework/Versions/A/LinguisticData
0x00007fff60c52000 	/System/Library/PrivateFrameworks/Lexicon.framework/Versions/A/Lexicon
0x00007fff7075d000 	/usr/lib/libcmph.dylib
0x00007fff4519e000 	/System/Library/Frameworks/OpenDirectory.framework/Versions/A/Frameworks/CFOpenDirectory.framework/Versions/A/CFOpenDirectory
0x00007fff451bb000 	/System/Library/Frameworks/OpenDirectory.framework/Versions/A/OpenDirectory
0x00007fff4d488000 	/System/Library/PrivateFrameworks/APFS.framework/Versions/A/APFS
0x00007fff48864000 	/System/Library/Frameworks/SecurityFoundation.framework/Versions/A/SecurityFoundation
0x00007fff72818000 	/usr/lib/libutil.dylib
0x00007fff54a3b000 	/System/Library/PrivateFrameworks/CoreServicesStore.framework/Versions/A/CoreServicesStore
0x00007fff4891c000 	/System/Library/Frameworks/ServiceManagement.framework/Versions/A/ServiceManagement
0x00007fff5097e000 	/System/Library/PrivateFrameworks/BackgroundTaskManagement.framework/Versions/A/BackgroundTaskManagement
0x00007fff72915000 	/usr/lib/libxslt.1.dylib
0x00007fff4f82c000 	/System/Library/PrivateFrameworks/AppleSystemInfo.framework/Versions/A/AppleSystemInfo
0x00007fff3f007000 	/System/Library/Frameworks/ImageIO.framework/Versions/A/Resources/libJPEG.dylib
0x00007fff3f2c6000 	/System/Library/Frameworks/ImageIO.framework/Versions/A/Resources/libTIFF.dylib
0x00007fff3f2a9000 	/System/Library/Frameworks/ImageIO.framework/Versions/A/Resources/libPng.dylib
0x00007fff3ef48000 	/System/Library/Frameworks/ImageIO.framework/Versions/A/Resources/libGIF.dylib
0x00007fff3ef4c000 	/System/Library/Frameworks/ImageIO.framework/Versions/A/Resources/libJP2.dylib
0x00007fff3f2c4000 	/System/Library/Frameworks/ImageIO.framework/Versions/A/Resources/libRadiance.dylib
0x00007fff71198000 	/usr/lib/libexpat.1.dylib
0x00007fff4f322000 	/System/Library/PrivateFrameworks/AppleJPEG.framework/Versions/A/AppleJPEG
0x00007fff57cb5000 	/System/Library/PrivateFrameworks/FontServices.framework/libFontParser.dylib
0x00007fff6eb6a000 	/System/Library/PrivateFrameworks/WatchdogClient.framework/Versions/A/WatchdogClient
0x00007fff60210000 	/System/Library/PrivateFrameworks/IOAccelerator.framework/Versions/A/IOAccelerator
0x00007fff41685000 	/System/Library/Frameworks/MetalPerformanceShaders.framework/Versions/A/MetalPerformanceShaders
0x00007fff5ca03000 	/System/Library/PrivateFrameworks/GPUWrangler.framework/Versions/A/GPUWrangler
0x00007fff6021b000 	/System/Library/PrivateFrameworks/IOPresentment.framework/Versions/A/IOPresentment
0x00007fff55723000 	/System/Library/PrivateFrameworks/DSExternalDisplay.framework/Versions/A/DSExternalDisplay
0x00007fff45b24000 	/System/Library/Frameworks/OpenGL.framework/Versions/A/Libraries/libCoreFSCache.dylib
0x00007fff413d7000 	/System/Library/Frameworks/MetalPerformanceShaders.framework/Frameworks/MPSCore.framework/Versions/A/MPSCore
0x00007fff41414000 	/System/Library/Frameworks/MetalPerformanceShaders.framework/Frameworks/MPSImage.framework/Versions/A/MPSImage
0x00007fff414d6000 	/System/Library/Frameworks/MetalPerformanceShaders.framework/Frameworks/MPSNeuralNetwork.framework/Versions/A/MPSNeuralNetwork
0x00007fff4149b000 	/System/Library/Frameworks/MetalPerformanceShaders.framework/Frameworks/MPSMatrix.framework/Versions/A/MPSMatrix
0x00007fff41636000 	/System/Library/Frameworks/MetalPerformanceShaders.framework/Frameworks/MPSRayIntersector.framework/Versions/A/MPSRayIntersector
0x00007fff414c0000 	/System/Library/Frameworks/MetalPerformanceShaders.framework/Frameworks/MPSNDArray.framework/Versions/A/MPSNDArray
0x00007fff6204d000 	/System/Library/PrivateFrameworks/MetalTools.framework/Versions/A/MetalTools
0x00007fff4e64d000 	/System/Library/PrivateFrameworks/AggregateDictionary.framework/Versions/A/AggregateDictionary
0x00007fff531d8000 	/System/Library/PrivateFrameworks/CoreAnalytics.framework/Versions/A/CoreAnalytics
0x00007fff4f74a000 	/System/Library/PrivateFrameworks/AppleSauce.framework/Versions/A/AppleSauce
0x00007fff7016a000 	/usr/lib/libIOReport.dylib
0x00007fff3ded5000 	/System/Library/Frameworks/CoreVideo.framework/Versions/A/CoreVideo
0x00007fff5de71000 	/System/Library/PrivateFrameworks/GraphVisualizer.framework/Versions/A/GraphVisualizer
0x00007fff57236000 	/System/Library/PrivateFrameworks/FaceCore.framework/Versions/A/FaceCore
0x00007fff45145000 	/System/Library/Frameworks/OpenCL.framework/Versions/A/OpenCL
0x00007fff6ff8c000 	/usr/lib/libFosl_dynamic.dylib
0x00007fff634fb000 	/System/Library/PrivateFrameworks/OTSVG.framework/Versions/A/OTSVG
0x00007fff39fd2000 	/System/Library/Frameworks/ApplicationServices.framework/Versions/A/Frameworks/ATS.framework/Versions/A/Resources/libFontRegistry.dylib
0x00007fff57e86000 	/System/Library/PrivateFrameworks/FontServices.framework/libhvf.dylib
0x00007fff45b2f000 	/System/Library/Frameworks/OpenGL.framework/Versions/A/Libraries/libGFXShared.dylib
0x00007fff45d0c000 	/System/Library/Frameworks/OpenGL.framework/Versions/A/Libraries/libGLU.dylib
0x00007fff45b38000 	/System/Library/Frameworks/OpenGL.framework/Versions/A/Libraries/libGL.dylib
0x00007fff45b43000 	/System/Library/Frameworks/OpenGL.framework/Versions/A/Libraries/libGLImage.dylib
0x00007fff45b21000 	/System/Library/Frameworks/OpenGL.framework/Versions/A/Libraries/libCVMSPluginSupport.dylib
0x00007fff45b2a000 	/System/Library/Frameworks/OpenGL.framework/Versions/A/Libraries/libCoreVMClient.dylib
0x00007fff71bef000 	/usr/lib/libncurses.5.4.dylib
0x00007fff39ece000 	/System/Library/Frameworks/ApplicationServices.framework/Versions/A/Frameworks/ATS.framework/Versions/A/ATS
0x00007fff3a09b000 	/System/Library/Frameworks/ApplicationServices.framework/Versions/A/Frameworks/ColorSyncLegacy.framework/Versions/A/ColorSyncLegacy
0x00007fff3a13a000 	/System/Library/Frameworks/ApplicationServices.framework/Versions/A/Frameworks/HIServices.framework/Versions/A/HIServices
0x00007fff3a191000 	/System/Library/Frameworks/ApplicationServices.framework/Versions/A/Frameworks/LangAnalysis.framework/Versions/A/LangAnalysis
0x00007fff3a1a0000 	/System/Library/Frameworks/ApplicationServices.framework/Versions/A/Frameworks/PrintCore.framework/Versions/A/PrintCore
0x00007fff3a1e6000 	/System/Library/Frameworks/ApplicationServices.framework/Versions/A/Frameworks/QD.framework/Versions/A/QD
0x00007fff3a1f1000 	/System/Library/Frameworks/ApplicationServices.framework/Versions/A/Frameworks/SpeechSynthesis.framework/Versions/A/SpeechSynthesis
0x00007fff3a06b000 	/System/Library/Frameworks/ApplicationServices.framework/Versions/A/Frameworks/ATSUI.framework/Versions/A/ATSUI
0x00007fff7102c000 	/usr/lib/libcups.2.dylib
0x00007fff40734000 	/System/Library/Frameworks/Kerberos.framework/Versions/A/Kerberos
0x00007fff3e9b4000 	/System/Library/Frameworks/GSS.framework/Versions/A/GSS
0x00007fff72365000 	/usr/lib/libresolv.9.dylib
0x00007fff5e012000 	/System/Library/PrivateFrameworks/Heimdal.framework/Versions/A/Heimdal
0x00007fff40747000 	/System/Library/Frameworks/Kerberos.framework/Versions/A/Libraries/libHeimdalProxy.dylib
0x00007fff711d6000 	/usr/lib/libheimdal-asn1.dylib
0x00007fff5267e000 	/System/Library/PrivateFrameworks/CommonAuth.framework/Versions/A/CommonAuth
0x00007fff4f8c9000 	/System/Library/PrivateFrameworks/AssertionServices.framework/Versions/A/AssertionServices
0x00007fff5046c000 	/System/Library/PrivateFrameworks/AudioToolboxCore.framework/Versions/A/AudioToolboxCore
0x00007fff6f7c4000 	/System/Library/PrivateFrameworks/caulk.framework/Versions/A/caulk
0x00007fff50a2a000 	/System/Library/PrivateFrameworks/BaseBoard.framework/Versions/A/BaseBoard
0x00007fff67620000 	/System/Library/PrivateFrameworks/RunningBoardServices.framework/Versions/A/RunningBoardServices
0x00007fff646e9000 	/System/Library/PrivateFrameworks/PersistentConnection.framework/Versions/A/PersistentConnection
0x00007fff6706f000 	/System/Library/PrivateFrameworks/ProtocolBuffer.framework/Versions/A/ProtocolBuffer
0x00007fff526a3000 	/System/Library/PrivateFrameworks/CommonUtilities.framework/Versions/A/CommonUtilities
0x00007fff50bad000 	/System/Library/PrivateFrameworks/Bom.framework/Versions/A/Bom
0x00007fff6fe39000 	/usr/lib/libAudioToolboxUtility.dylib
0x00007fff50988000 	/System/Library/PrivateFrameworks/Backup.framework/Versions/A/Backup
0x00007fff55493000 	/System/Library/PrivateFrameworks/CrashReporterSupport.framework/Versions/A/CrashReporterSupport
0x00007fff6911c000 	/System/Library/PrivateFrameworks/Sharing.framework/Versions/A/Sharing
0x00007fff4f06d000 	/System/Library/PrivateFrameworks/Apple80211.framework/Versions/A/Apple80211
0x00007fff506aa000 	/System/Library/PrivateFrameworks/AuthKit.framework/Versions/A/AuthKit
0x00007fff551c3000 	/System/Library/PrivateFrameworks/CoreUtils.framework/Versions/A/CoreUtils
0x00007fff3df1a000 	/System/Library/Frameworks/CoreWLAN.framework/Versions/A/CoreWLAN
0x00007fff3eb40000 	/System/Library/Frameworks/IOBluetooth.framework/Versions/A/IOBluetooth
0x00007fff6234b000 	/System/Library/PrivateFrameworks/MobileKeyBag.framework/Versions/A/MobileKeyBag
0x00007fff5428e000 	/System/Library/PrivateFrameworks/CorePhoneNumbers.framework/Versions/A/CorePhoneNumbers
0x00007fff4f2d5000 	/System/Library/PrivateFrameworks/AppleIDAuthSupport.framework/Versions/A/AppleIDAuthSupport
0x00007fff425d9000 	/System/Library/Frameworks/Network.framework/Versions/A/Network
0x00007fff60a0b000 	/System/Library/PrivateFrameworks/KeychainCircle.framework/Versions/A/KeychainCircle
0x00007fff3b98e000 	/System/Library/Frameworks/CoreBluetooth.framework/Versions/A/CoreBluetooth
0x00007fff6ad98000 	/System/Library/PrivateFrameworks/SpeechRecognitionCore.framework/Versions/A/SpeechRecognitionCore
0x00007fff3050b000 	/System/Library/CoreServices/Encodings/libLatin2Converter.dylib
0x0000000104600000 	/Applications/IntelliJ IDEA CE.app/Contents/jbr/Contents/Home/lib/server/libjvm.dylib
0x0000000103d9e000 	/Applications/IntelliJ IDEA CE.app/Contents/jbr/Contents/Home/lib/libverify.dylib
0x0000000103daf000 	/Applications/IntelliJ IDEA CE.app/Contents/jbr/Contents/Home/lib/libjava.dylib
0x0000000105359000 	/Applications/IntelliJ IDEA CE.app/Contents/jbr/Contents/Home/lib/libinstrument.dylib
0x00000001053da000 	/Applications/IntelliJ IDEA CE.app/Contents/jbr/Contents/Home/lib/libzip.dylib
0x00000001053e7000 	/Applications/IntelliJ IDEA CE.app/Contents/jbr/Contents/Home/lib/libjimage.dylib
0x0000000107509000 	/Applications/IntelliJ IDEA CE.app/Contents/jbr/Contents/Home/lib/libnio.dylib
0x000000010751c000 	/Applications/IntelliJ IDEA CE.app/Contents/jbr/Contents/Home/lib/libnet.dylib
0x00000001075be000 	/Applications/IntelliJ IDEA CE.app/Contents/jbr/Contents/Home/lib/libextnet.dylib
0x00000001075c6000 	/Applications/IntelliJ IDEA CE.app/Contents/jbr/Contents/Home/lib/libawt.dylib
0x000000012234c000 	/Applications/IntelliJ IDEA CE.app/Contents/jbr/Contents/Home/lib/libmlib_image.dylib
0x00007fff4071d000 	/System/Library/Frameworks/JavaVM.framework/Versions/A/Frameworks/JavaNativeFoundation.framework/Versions/A/JavaNativeFoundation
0x00007fff40726000 	/System/Library/Frameworks/JavaVM.framework/Versions/A/Frameworks/JavaRuntimeSupport.framework/Versions/A/JavaRuntimeSupport
0x00007fff4072f000 	/System/Library/Frameworks/JavaVM.framework/Versions/A/JavaVM
0x00007fff6086e000 	/System/Library/PrivateFrameworks/JavaLaunching.framework/Versions/A/JavaLaunching
0x00007fff3aa5e000 	/System/Library/Frameworks/Carbon.framework/Versions/A/Carbon
0x00007fff54f77000 	/System/Library/PrivateFrameworks/CoreSymbolication.framework/Versions/A/CoreSymbolication
0x00007fff3aa5f000 	/System/Library/Frameworks/Carbon.framework/Versions/A/Frameworks/CommonPanels.framework/Versions/A/CommonPanels
0x00007fff3ad58000 	/System/Library/Frameworks/Carbon.framework/Versions/A/Frameworks/Help.framework/Versions/A/Help
0x00007fff3ad5c000 	/System/Library/Frameworks/Carbon.framework/Versions/A/Frameworks/ImageCapture.framework/Versions/A/ImageCapture
0x00007fff3ad63000 	/System/Library/Frameworks/Carbon.framework/Versions/A/Frameworks/OpenScripting.framework/Versions/A/OpenScripting
0x00007fff3ad62000 	/System/Library/Frameworks/Carbon.framework/Versions/A/Frameworks/Ink.framework/Versions/A/Ink
0x00007fff3ad9e000 	/System/Library/Frameworks/Carbon.framework/Versions/A/Frameworks/Print.framework/Versions/A/Print
0x00007fff3ad9f000 	/System/Library/Frameworks/Carbon.framework/Versions/A/Frameworks/SecurityHI.framework/Versions/A/SecurityHI
0x00007fff55858000 	/System/Library/PrivateFrameworks/DebugSymbols.framework/Versions/A/DebugSymbols
0x00000001223b8000 	/Applications/IntelliJ IDEA CE.app/Contents/jbr/Contents/Home/lib/libawt_lwawt.dylib
0x0000000107666000 	/Applications/IntelliJ IDEA CE.app/Contents/jbr/Contents/Home/lib/libosxapp.dylib
0x00007fff3e422000 	/System/Library/Frameworks/ExceptionHandling.framework/Versions/A/ExceptionHandling
0x0000000122603000 	/Applications/IntelliJ IDEA CE.app/Contents/jbr/Contents/Home/lib/libfontmanager.dylib
0x00000001226fe000 	/Applications/IntelliJ IDEA CE.app/Contents/jbr/Contents/Home/lib/libfreetype.dylib
0x00007fff54a07000 	/System/Library/PrivateFrameworks/CoreServicesInternal.framework/Versions/A/CoreServicesInternal
0x00007fff3e441000 	/System/Library/Frameworks/FileProvider.framework/Versions/A/FileProvider
0x00007fff38f1d000 	/System/Library/Frameworks/Accounts.framework/Versions/A/Accounts
0x00007fff5cd27000 	/System/Library/PrivateFrameworks/GenerationalStorage.framework/Versions/A/GenerationalStorage
0x00007fff6b5d3000 	/System/Library/PrivateFrameworks/SymptomDiagnosticReporter.framework/Versions/A/SymptomDiagnosticReporter
0x00007fff4eb5e000 	/System/Library/PrivateFrameworks/AppContainer.framework/Versions/A/AppContainer
0x00007fff7237f000 	/usr/lib/libsandbox.1.dylib
0x00007fff6db03000 	/System/Library/PrivateFrameworks/UserManagement.framework/Versions/A/UserManagement
0x00007fff5176f000 	/System/Library/PrivateFrameworks/ChunkingLibrary.framework/Versions/A/ChunkingLibrary
0x00007fff4ebd0000 	/System/Library/PrivateFrameworks/AppSandbox.framework/Versions/A/AppSandbox
0x00007fff68fa6000 	/System/Library/PrivateFrameworks/SecCodeWrapper.framework/Versions/A/SecCodeWrapper
0x00007fff70250000 	/usr/lib/libMatch.1.dylib
0x00007fff3053a000 	/System/Library/CoreServices/RawCamera.bundle/Contents/MacOS/RawCamera
0x00007fff62175000 	/System/Library/PrivateFrameworks/MobileAsset.framework/Versions/A/MobileAsset
0x00007fff6b481000 	/System/Library/PrivateFrameworks/StreamingZip.framework/Versions/A/StreamingZip
0x00007fff40bb0000 	/System/Library/Frameworks/MediaToolbox.framework/Versions/A/MediaToolbox
0x00007fff53187000 	/System/Library/PrivateFrameworks/CoreAVCHD.framework/Versions/A/CoreAVCHD
0x00007fff40ada000 	/System/Library/Frameworks/MediaAccessibility.framework/Versions/A/MediaAccessibility
0x00007fff61540000 	/System/Library/PrivateFrameworks/Mangrove.framework/Versions/A/Mangrove
0x00007fff3d0e4000 	/System/Library/Frameworks/CoreMedia.framework/Versions/A/CoreMedia
0x00007fff617ac000 	/System/Library/PrivateFrameworks/MediaExperience.framework/Versions/A/MediaExperience
0x00007fff49999000 	/System/Library/Frameworks/VideoToolbox.framework/Versions/A/VideoToolbox
0x00007fff52db1000 	/System/Library/PrivateFrameworks/CoreAUC.framework/Versions/A/CoreAUC
0x00007fff723d7000 	/usr/lib/libspindump.dylib
0x00007fff4fe17000 	/System/Library/PrivateFrameworks/AudioResourceArbitration.framework/Versions/A/AudioResourceArbitration
0x00007fff4f830000 	/System/Library/PrivateFrameworks/AppleVA.framework/Versions/A/AppleVA
0x00007fff37c62000 	/System/Library/Frameworks/Accelerate.framework/Versions/A/Frameworks/vImage.framework/Versions/A/Libraries/libCGInterfaces.dylib
0x0000000107434000 	/usr/lib/libobjc-trampolines.dylib
0x00007fff57ded000 	/System/Library/PrivateFrameworks/FontServices.framework/libTrueTypeScaler.dylib
0x00007fff33013000 	/System/Library/Extensions/AppleIntelBDWGraphicsMTLDriver.bundle/Contents/MacOS/AppleIntelBDWGraphicsMTLDriver
0x00007fff5b35b000 	/System/Library/PrivateFrameworks/GPUCompiler.framework/Versions/3902/Libraries/libmetal_timestamp.dylib
0x00007fff6e8d9000 	/System/Library/PrivateFrameworks/ViewBridge.framework/Versions/A/ViewBridge
0x0000000125251000 	/Applications/IntelliJ IDEA CE.app/Contents/jbr/Contents/Home/lib/libosx.dylib
0x00007fff46788000 	/System/Library/Frameworks/OpenGL.framework/Versions/A/Resources/GLEngine.bundle/GLEngine
0x00007fff45b79000 	/System/Library/Frameworks/OpenGL.framework/Versions/A/Libraries/libGLProgrammability.dylib
0x00007fff32b0e000 	/System/Library/Extensions/AppleIntelBDWGraphicsGLDriver.bundle/Contents/MacOS/AppleIntelBDWGraphicsGLDriver
0x00007fff5c9f7000 	/System/Library/PrivateFrameworks/GPUSupport.framework/Versions/A/Libraries/libGPUSupportMercury.dylib
0x00007fff46902000 	/System/Library/Frameworks/OpenGL.framework/Versions/A/Resources/GLRendererFloat.bundle/GLRendererFloat
0x00007fff4513c000 	/System/Library/Frameworks/OpenCL.framework/Versions/A/Libraries/libcldcpuengine.dylib
0x00007fff70c11000 	/usr/lib/libcrypto.35.dylib
0x00007fff6bfdb000 	/System/Library/PrivateFrameworks/TrustEvaluationAgent.framework/Versions/A/TrustEvaluationAgent
0x00007fff6fb16000 	/System/Library/PrivateFrameworks/login.framework/Versions/A/login
0x0000000126289000 	/Applications/IntelliJ IDEA CE.app/Contents/jbr/Contents/Home/lib/libosxui.dylib
0x00007fff6b64e000 	/System/Library/PrivateFrameworks/SystemAdministration.framework/Versions/A/SystemAdministration
0x00007fff55c00000 	/System/Library/PrivateFrameworks/DiskManagement.framework/Versions/A/DiskManagement
0x00007fff3e16b000 	/System/Library/Frameworks/DirectoryService.framework/Versions/A/DirectoryService
0x00007fff55b37000 	/System/Library/PrivateFrameworks/DiskImages.framework/Versions/A/DiskImages
0x00007fff60d49000 	/System/Library/PrivateFrameworks/LoginUIKit.framework/Versions/A/Frameworks/LoginUICore.framework/Versions/A/LoginUICore
0x00007fff6feb9000 	/usr/lib/libCoreStorage.dylib
0x00007fff71019000 	/usr/lib/libcsfde.dylib
0x00007fff72294000 	/usr/lib/libodfde.dylib
0x00007fff61837000 	/System/Library/PrivateFrameworks/MediaKit.framework/Versions/A/MediaKit
0x00007fff3e177000 	/System/Library/Frameworks/DiscRecording.framework/Versions/A/DiscRecording
0x00007fff55daf000 	/System/Library/PrivateFrameworks/EFILogin.framework/Versions/A/EFILogin
0x00007fff67014000 	/System/Library/PrivateFrameworks/ProtectedCloudStorage.framework/Versions/A/ProtectedCloudStorage
0x00007fff7108d000 	/usr/lib/libcurl.4.dylib
0x00007fff70f12000 	/usr/lib/libcrypto.44.dylib
0x00007fff726ba000 	/usr/lib/libssl.46.dylib
0x00007fff40748000 	/System/Library/Frameworks/LDAP.framework/Versions/A/LDAP
0x00007fff723c4000 	/usr/lib/libsasl2.2.dylib
0x00007fff534c2000 	/System/Library/PrivateFrameworks/CoreDaemon.framework/Versions/B/CoreDaemon
0x00007fff4f745000 	/System/Library/PrivateFrameworks/AppleSRP.framework/Versions/A/AppleSRP


VM Arguments:
jvm_args: -javaagent:/Applications/IntelliJ IDEA CE.app/Contents/lib/idea_rt.jar=60509:/Applications/IntelliJ IDEA CE.app/Contents/bin -Dfile.encoding=UTF-8 
java_command: game.GameLauncher
java_class_path (initial): /Users/maciejkrysiak/Desktop/programowanie/Java/PROZE/proze20l_baczynski_krysiak/out/production/proze20l_baczynski_krysiak
Launcher Type: SUN_STANDARD

[Global flags]
     intx CICompilerCount                          = 3                                         {product} {ergonomic}
     uint ConcGCThreads                            = 1                                         {product} {ergonomic}
     uint G1ConcRefinementThreads                  = 4                                         {product} {ergonomic}
   size_t G1HeapRegionSize                         = 1048576                                   {product} {ergonomic}
    uintx GCDrainStackTargetSize                   = 64                                        {product} {ergonomic}
   size_t InitialHeapSize                          = 134217728                                 {product} {ergonomic}
   size_t MarkStackSize                            = 4194304                                   {product} {ergonomic}
   size_t MaxHeapSize                              = 2147483648                                {product} {ergonomic}
   size_t MaxNewSize                               = 1287651328                                {product} {ergonomic}
   size_t MinHeapDeltaBytes                        = 1048576                                   {product} {ergonomic}
    uintx NonNMethodCodeHeapSize                   = 5830732                                {pd product} {ergonomic}
    uintx NonProfiledCodeHeapSize                  = 122913754                              {pd product} {ergonomic}
    uintx ProfiledCodeHeapSize                     = 122913754                              {pd product} {ergonomic}
    uintx ReservedCodeCacheSize                    = 251658240                              {pd product} {ergonomic}
     bool SegmentedCodeCache                       = true                                      {product} {ergonomic}
     bool UseCompressedClassPointers               = true                                 {lp64_product} {ergonomic}
     bool UseCompressedOops                        = true                                 {lp64_product} {ergonomic}
     bool UseG1GC                                  = true                                      {product} {ergonomic}

Logging:
Log output configuration:
 #0: stdout all=warning uptime,level,tags
 #1: stderr all=off uptime,level,tags

Environment Variables:
PATH=/Library/Frameworks/Python.framework/Versions/3.7/bin:/usr/local/bin:/usr/bin:/bin:/usr/sbin:/sbin
SHELL=/bin/bash

Signal Handlers:
SIGSEGV: [libjvm.dylib+0x742f60], sa_mask[0]=11111111011111110111111111111111, sa_flags=SA_ONSTACK|SA_RESTART|SA_SIGINFO
SIGBUS: [libjvm.dylib+0x742f60], sa_mask[0]=11111111011111110111111111111111, sa_flags=SA_RESTART|SA_SIGINFO
SIGFPE: [libjvm.dylib+0x742f60], sa_mask[0]=11111111011111110111111111111111, sa_flags=SA_RESTART|SA_SIGINFO
SIGPIPE: [libjvm.dylib+0x5f4978], sa_mask[0]=11111111011111110111111111111111, sa_flags=SA_RESTART|SA_SIGINFO
SIGXFSZ: [libjvm.dylib+0x5f4978], sa_mask[0]=11111111011111110111111111111111, sa_flags=SA_RESTART|SA_SIGINFO
SIGILL: [libjvm.dylib+0x742f60], sa_mask[0]=11111111011111110111111111111111, sa_flags=SA_RESTART|SA_SIGINFO
SIGUSR2: [libjvm.dylib+0x5f4f5d], sa_mask[0]=00100000000000000000000000000000, sa_flags=SA_RESTART|SA_SIGINFO
SIGHUP: [libjvm.dylib+0x5f3a8f], sa_mask[0]=11111111011111110111111111111111, sa_flags=SA_RESTART|SA_SIGINFO
SIGINT: [libjvm.dylib+0x5f3a8f], sa_mask[0]=11111111011111110111111111111111, sa_flags=SA_RESTART|SA_SIGINFO
SIGTERM: [libjvm.dylib+0x5f3a8f], sa_mask[0]=11111111011111110111111111111111, sa_flags=SA_RESTART|SA_SIGINFO
SIGQUIT: [libjvm.dylib+0x5f3a8f], sa_mask[0]=11111111011111110111111111111111, sa_flags=SA_RESTART|SA_SIGINFO


---------------  S Y S T E M  ---------------

OS:uname:Darwin 19.3.0 Darwin Kernel Version 19.3.0: Thu Jan  9 20:58:23 PST 2020; root:xnu-6153.81.5~1/RELEASE_X86_64 x86_64
rlimit: STACK 8192k, CORE 0k, NPROC 1392, NOFILE 10240, AS infinity, DATA infinity, FSIZE infinity
load average:2.92 3.13 3.02

CPU:total 4 (initial active 4) (2 cores per cpu, 2 threads per core) family 6 model 61 stepping 4, cmov, cx8, fxsr, mmx, sse, sse2, sse3, ssse3, sse4.1, sse4.2, popcnt, avx, avx2, aes, clmul, erms, rtm, 3dnowpref, lzcnt, ht, tsc, tscinvbit, bmi1, bmi2, adx, fma

Memory: 4k page, physical 8388608k(27540k free), swap 3145728k(1371904k free)

vm_info: OpenJDK 64-Bit Server VM (11.0.5+10-b520.38) for bsd-amd64 JRE (11.0.5+10-b520.38), built on Jan 22 2020 21:12:29 by "builduser" with gcc 4.2.1 Compatible Apple LLVM 9.1.0 (clang-902.0.39.2)

END.
